12:09:20.543 center-sky [main] INFO  com.example.sky.SkyApplicationTests - Starting SkyApplicationTests on c-pc with PID 11772 (started by C in C:\Users\C\Desktop\sky-master)
12:09:20.549 center-sky [main] INFO  com.example.sky.SkyApplicationTests - No active profile set, falling back to default profiles: default
12:09:24.639 center-sky [main] INFO  o.s.s.c.ThreadPoolTaskExecutor - Initializing ExecutorService 'applicationTaskExecutor'
12:09:25.206 center-sky [main] INFO  com.example.sky.SkyApplicationTests - Started SkyApplicationTests in 6.156 seconds (JVM running for 9.063)
12:09:26.361 center-sky [SpringContextShutdownHook] INFO  o.s.s.c.ThreadPoolTaskExecutor - Shutting down ExecutorService 'applicationTaskExecutor'
12:24:00.921 center-sky [main] INFO  com.example.sky.SkyApplicationTests - Starting SkyApplicationTests on c-pc with PID 14736 (started by C in C:\Users\C\Desktop\sky-master)
12:24:00.926 center-sky [main] INFO  com.example.sky.SkyApplicationTests - No active profile set, falling back to default profiles: default
12:24:04.081 center-sky [main] INFO  o.s.s.c.ThreadPoolTaskExecutor - Initializing ExecutorService 'applicationTaskExecutor'
12:24:04.751 center-sky [main] INFO  com.example.sky.SkyApplicationTests - Started SkyApplicationTests in 5.401 seconds (JVM running for 8.652)
12:24:06.079 center-sky [SpringContextShutdownHook] INFO  o.s.s.c.ThreadPoolTaskExecutor - Shutting down ExecutorService 'applicationTaskExecutor'
12:24:44.555 center-sky [restartedMain] INFO  com.example.sky.SkyApplication - Starting SkyApplication on c-pc with PID 15176 (C:\Users\C\Desktop\sky-master\target\classes started by C in C:\Users\C\Desktop\sky-master)
12:24:44.559 center-sky [restartedMain] INFO  com.example.sky.SkyApplication - No active profile set, falling back to default profiles: default
12:24:44.665 center-sky [restartedMain] INFO  o.s.b.d.e.DevToolsPropertyDefaultsPostProcessor - Devtools property defaults active! Set 'spring.devtools.add-properties' to 'false' to disable
12:24:44.665 center-sky [restartedMain] INFO  o.s.b.d.e.DevToolsPropertyDefaultsPostProcessor - For additional web related logging consider setting the 'logging.level.web' property to 'DEBUG'
12:24:47.306 center-sky [restartedMain] INFO  o.s.b.w.e.tomcat.TomcatWebServer - Tomcat initialized with port(s): 28081 (http)
12:24:47.320 center-sky [restartedMain] INFO  o.a.coyote.http11.Http11NioProtocol - Initializing ProtocolHandler ["http-nio-28081"]
12:24:47.321 center-sky [restartedMain] INFO  o.a.catalina.core.StandardService - Starting service [Tomcat]
12:24:47.321 center-sky [restartedMain] INFO  o.a.catalina.core.StandardEngine - Starting Servlet engine: [Apache Tomcat/9.0.27]
12:24:47.648 center-sky [restartedMain] INFO  o.a.c.c.C.[Tomcat].[localhost].[/] - Initializing Spring embedded WebApplicationContext
12:24:47.649 center-sky [restartedMain] INFO  o.s.web.context.ContextLoader - Root WebApplicationContext: initialization completed in 2983 ms
12:24:48.065 center-sky [restartedMain] INFO  o.s.s.c.ThreadPoolTaskExecutor - Initializing ExecutorService 'applicationTaskExecutor'
12:24:48.340 center-sky [restartedMain] INFO  o.s.b.d.a.OptionalLiveReloadServer - LiveReload server is running on port 35729
12:24:48.381 center-sky [restartedMain] INFO  o.a.coyote.http11.Http11NioProtocol - Starting ProtocolHandler ["http-nio-28081"]
12:24:48.438 center-sky [restartedMain] INFO  o.s.b.w.e.tomcat.TomcatWebServer - Tomcat started on port(s): 28081 (http) with context path ''
12:24:48.455 center-sky [restartedMain] INFO  com.example.sky.SkyApplication - Started SkyApplication in 5.187 seconds (JVM running for 9.342)
12:24:59.400 center-sky [http-nio-28081-exec-1] INFO  o.a.c.c.C.[Tomcat].[localhost].[/] - Initializing Spring DispatcherServlet 'dispatcherServlet'
12:24:59.401 center-sky [http-nio-28081-exec-1] INFO  o.s.web.servlet.DispatcherServlet - Initializing Servlet 'dispatcherServlet'
12:24:59.410 center-sky [http-nio-28081-exec-1] INFO  o.s.web.servlet.DispatcherServlet - Completed initialization in 9 ms
12:24:59.684 center-sky [http-nio-28081-exec-1] INFO  c.e.sky.controller.AlarmController - alarmMessage:[AlarmMessageDto(scopeId=1, scope=SERVICE, name=serviceA, ruleName=service_resp_time_rule, id0=ejdjdfifi, id1=0, alarmMessage=alarmMessage xxxx, startTime=1560524171000), AlarmMessageDto(scopeId=1, scope=SERVICE, name=serviceB, ruleName=service_resp_time_rule, id0=ejdewewjdfifi, id1=0, alarmMessage=alarmMessage yyy, startTime=1560524171000)]
12:27:30.773 center-sky [restartedMain] INFO  com.example.sky.SkyApplication - Starting SkyApplication on c-pc with PID 15988 (C:\Users\C\Desktop\sky-master\target\classes started by C in C:\Users\C\Desktop\sky-master)
12:27:30.806 center-sky [restartedMain] INFO  com.example.sky.SkyApplication - No active profile set, falling back to default profiles: default
12:27:30.901 center-sky [restartedMain] INFO  o.s.b.d.e.DevToolsPropertyDefaultsPostProcessor - Devtools property defaults active! Set 'spring.devtools.add-properties' to 'false' to disable
12:27:30.902 center-sky [restartedMain] INFO  o.s.b.d.e.DevToolsPropertyDefaultsPostProcessor - For additional web related logging consider setting the 'logging.level.web' property to 'DEBUG'
12:27:33.900 center-sky [restartedMain] INFO  o.s.b.w.e.tomcat.TomcatWebServer - Tomcat initialized with port(s): 28081 (http)
12:27:33.918 center-sky [restartedMain] INFO  o.a.coyote.http11.Http11NioProtocol - Initializing ProtocolHandler ["http-nio-28081"]
12:27:33.919 center-sky [restartedMain] INFO  o.a.catalina.core.StandardService - Starting service [Tomcat]
12:27:33.920 center-sky [restartedMain] INFO  o.a.catalina.core.StandardEngine - Starting Servlet engine: [Apache Tomcat/9.0.27]
12:27:34.165 center-sky [restartedMain] INFO  o.a.c.c.C.[Tomcat].[localhost].[/] - Initializing Spring embedded WebApplicationContext
12:27:34.165 center-sky [restartedMain] INFO  o.s.web.context.ContextLoader - Root WebApplicationContext: initialization completed in 3263 ms
12:27:34.524 center-sky [restartedMain] INFO  o.s.s.c.ThreadPoolTaskExecutor - Initializing ExecutorService 'applicationTaskExecutor'
12:27:34.858 center-sky [restartedMain] INFO  o.s.b.d.a.OptionalLiveReloadServer - LiveReload server is running on port 35729
12:27:34.914 center-sky [restartedMain] INFO  o.a.coyote.http11.Http11NioProtocol - Starting ProtocolHandler ["http-nio-28081"]
12:27:34.966 center-sky [restartedMain] INFO  o.s.b.w.e.tomcat.TomcatWebServer - Tomcat started on port(s): 28081 (http) with context path ''
12:27:34.989 center-sky [restartedMain] INFO  com.example.sky.SkyApplication - Started SkyApplication in 5.913 seconds (JVM running for 8.613)
12:27:41.651 center-sky [http-nio-28081-exec-1] INFO  o.a.c.c.C.[Tomcat].[localhost].[/] - Initializing Spring DispatcherServlet 'dispatcherServlet'
12:27:41.651 center-sky [http-nio-28081-exec-1] INFO  o.s.web.servlet.DispatcherServlet - Initializing Servlet 'dispatcherServlet'
12:27:41.659 center-sky [http-nio-28081-exec-1] INFO  o.s.web.servlet.DispatcherServlet - Completed initialization in 8 ms
12:27:42.253 center-sky [http-nio-28081-exec-1] INFO  c.e.sky.controller.AlarmController - alarmMessage:[AlarmMessageDto(scopeId=1, scope=SERVICE, name=serviceA, ruleName=service_resp_time_rule, id0=ejdjdfifi, id1=0, alarmMessage=alarmMessage xxxx, startTime=1560524171000), AlarmMessageDto(scopeId=1, scope=SERVICE, name=serviceB, ruleName=service_resp_time_rule, id0=ejdewewjdfifi, id1=0, alarmMessage=alarmMessage yyy, startTime=1560524171000)]
12:27:43.164 center-sky [http-nio-28081-exec-1] ERROR topsdk - 2020-07-17 12:27:43.158^_^_dingtalk_^_^dingtalk.oapi.robot.send^_^169.254.182.115^_^Windows 7^_^810^_^https://oapi.dingtalk.com/robot/send?access_token=5f5db66807c1e69f5d328d5916e7c6549add4342d088775d0e02abe441c7a999^_^at=%7B%22atMobiles%22%3A%5B%22%E6%89%80%E6%9C%89%E4%BA%BA%22%5D%7D&text=%7B%22content%22%3A%22%E4%B8%9A%E5%8A%A1%E5%91%8A%E8%AD%A6%3A%5CnserviceA%5CnalarmMessage+xxxx%22%7D&msgtype=text^_^{"errcode":310000,"errmsg":"sign not match, more: [https://ding-doc.dingtalk.com/doc#/serverapi2/qf2nxq]"}
12:27:43.164 center-sky [http-nio-28081-exec-1] INFO  c.e.sky.controller.AlarmController - execute:{}com.dingtalk.api.response.OapiRobotSendResponse@19b4c977
12:27:43.382 center-sky [http-nio-28081-exec-1] ERROR topsdk - 2020-07-17 12:27:43.382^_^_dingtalk_^_^dingtalk.oapi.robot.send^_^169.254.182.115^_^Windows 7^_^218^_^https://oapi.dingtalk.com/robot/send?access_token=5f5db66807c1e69f5d328d5916e7c6549add4342d088775d0e02abe441c7a999^_^at=%7B%22atMobiles%22%3A%5B%22%E6%89%80%E6%9C%89%E4%BA%BA%22%5D%7D&text=%7B%22content%22%3A%22%E4%B8%9A%E5%8A%A1%E5%91%8A%E8%AD%A6%3A%5CnserviceB%5CnalarmMessage+yyy%22%7D&msgtype=text^_^{"errcode":310000,"errmsg":"sign not match, more: [https://ding-doc.dingtalk.com/doc#/serverapi2/qf2nxq]"}
12:27:43.382 center-sky [http-nio-28081-exec-1] INFO  c.e.sky.controller.AlarmController - execute:{}com.dingtalk.api.response.OapiRobotSendResponse@55de0b54
12:27:57.816 center-sky [http-nio-28081-exec-3] INFO  c.e.sky.controller.AlarmController - alarmMessage:[AlarmMessageDto(scopeId=1, scope=SERVICE, name=serviceA, ruleName=service_resp_time_rule, id0=ejdjdfifi, id1=0, alarmMessage=alarmMessage xxxx, startTime=1560524171000), AlarmMessageDto(scopeId=1, scope=SERVICE, name=serviceB, ruleName=service_resp_time_rule, id0=ejdewewjdfifi, id1=0, alarmMessage=alarmMessage yyy, startTime=1560524171000)]
12:27:58.103 center-sky [http-nio-28081-exec-3] ERROR topsdk - 2020-07-17 12:27:58.103^_^_dingtalk_^_^dingtalk.oapi.robot.send^_^169.254.182.115^_^Windows 7^_^286^_^https://oapi.dingtalk.com/robot/send?access_token=5f5db66807c1e69f5d328d5916e7c6549add4342d088775d0e02abe441c7a999^_^at=%7B%22atMobiles%22%3A%5B%22%E6%89%80%E6%9C%89%E4%BA%BA%22%5D%7D&text=%7B%22content%22%3A%22%E4%B8%9A%E5%8A%A1%E5%91%8A%E8%AD%A6%3A%5CnserviceA%5CnalarmMessage+xxxx%22%7D&msgtype=text^_^{"errcode":310000,"errmsg":"sign not match, more: [https://ding-doc.dingtalk.com/doc#/serverapi2/qf2nxq]"}
12:27:58.103 center-sky [http-nio-28081-exec-3] INFO  c.e.sky.controller.AlarmController - execute:{}com.dingtalk.api.response.OapiRobotSendResponse@265a03ca
12:27:58.289 center-sky [http-nio-28081-exec-3] ERROR topsdk - 2020-07-17 12:27:58.288^_^_dingtalk_^_^dingtalk.oapi.robot.send^_^169.254.182.115^_^Windows 7^_^185^_^https://oapi.dingtalk.com/robot/send?access_token=5f5db66807c1e69f5d328d5916e7c6549add4342d088775d0e02abe441c7a999^_^at=%7B%22atMobiles%22%3A%5B%22%E6%89%80%E6%9C%89%E4%BA%BA%22%5D%7D&text=%7B%22content%22%3A%22%E4%B8%9A%E5%8A%A1%E5%91%8A%E8%AD%A6%3A%5CnserviceB%5CnalarmMessage+yyy%22%7D&msgtype=text^_^{"errcode":310000,"errmsg":"sign not match, more: [https://ding-doc.dingtalk.com/doc#/serverapi2/qf2nxq]"}
12:27:58.289 center-sky [http-nio-28081-exec-3] INFO  c.e.sky.controller.AlarmController - execute:{}com.dingtalk.api.response.OapiRobotSendResponse@52f15da1
13:20:02.574 center-sky [restartedMain] INFO  com.example.sky.SkyApplication - Starting SkyApplication on c-pc with PID 16328 (C:\Users\C\Desktop\sky-master\target\classes started by C in C:\Users\C\Desktop\sky-master)
13:20:02.578 center-sky [restartedMain] INFO  com.example.sky.SkyApplication - No active profile set, falling back to default profiles: default
13:20:02.658 center-sky [restartedMain] INFO  o.s.b.d.e.DevToolsPropertyDefaultsPostProcessor - Devtools property defaults active! Set 'spring.devtools.add-properties' to 'false' to disable
13:20:02.659 center-sky [restartedMain] INFO  o.s.b.d.e.DevToolsPropertyDefaultsPostProcessor - For additional web related logging consider setting the 'logging.level.web' property to 'DEBUG'
13:20:04.642 center-sky [restartedMain] INFO  o.s.b.w.e.tomcat.TomcatWebServer - Tomcat initialized with port(s): 28081 (http)
13:20:04.654 center-sky [restartedMain] INFO  o.a.coyote.http11.Http11NioProtocol - Initializing ProtocolHandler ["http-nio-28081"]
13:20:04.655 center-sky [restartedMain] INFO  o.a.catalina.core.StandardService - Starting service [Tomcat]
13:20:04.655 center-sky [restartedMain] INFO  o.a.catalina.core.StandardEngine - Starting Servlet engine: [Apache Tomcat/9.0.27]
13:20:04.881 center-sky [restartedMain] INFO  o.a.c.c.C.[Tomcat].[localhost].[/] - Initializing Spring embedded WebApplicationContext
13:20:04.881 center-sky [restartedMain] INFO  o.s.web.context.ContextLoader - Root WebApplicationContext: initialization completed in 2222 ms
13:20:05.204 center-sky [restartedMain] INFO  o.s.s.c.ThreadPoolTaskExecutor - Initializing ExecutorService 'applicationTaskExecutor'
13:20:05.468 center-sky [restartedMain] INFO  o.s.b.d.a.OptionalLiveReloadServer - LiveReload server is running on port 35729
13:20:05.505 center-sky [restartedMain] INFO  o.a.coyote.http11.Http11NioProtocol - Starting ProtocolHandler ["http-nio-28081"]
13:20:05.551 center-sky [restartedMain] INFO  o.s.b.w.e.tomcat.TomcatWebServer - Tomcat started on port(s): 28081 (http) with context path ''
13:20:05.557 center-sky [restartedMain] INFO  com.example.sky.SkyApplication - Started SkyApplication in 4.12 seconds (JVM running for 8.357)
13:20:13.798 center-sky [http-nio-28081-exec-1] INFO  o.a.c.c.C.[Tomcat].[localhost].[/] - Initializing Spring DispatcherServlet 'dispatcherServlet'
13:20:13.821 center-sky [http-nio-28081-exec-1] INFO  o.s.web.servlet.DispatcherServlet - Initializing Servlet 'dispatcherServlet'
13:20:13.898 center-sky [http-nio-28081-exec-1] INFO  o.s.web.servlet.DispatcherServlet - Completed initialization in 14 ms
13:20:14.130 center-sky [http-nio-28081-exec-1] INFO  c.e.sky.controller.AlarmController - alarmMessage:[AlarmMessageDto(scopeId=1, scope=SERVICE, name=serviceA, ruleName=service_resp_time_rule, id0=ejdjdfifi, id1=0, alarmMessage=alarmMessage xxxx, startTime=1560524171000), AlarmMessageDto(scopeId=1, scope=SERVICE, name=serviceB, ruleName=service_resp_time_rule, id0=ejdewewjdfifi, id1=0, alarmMessage=alarmMessage yyy, startTime=1560524171000)]
13:51:31.798 center-sky [main] INFO  com.example.sky.SkyApplicationTests - Starting SkyApplicationTests on c-pc with PID 16600 (started by C in C:\Users\C\Desktop\sky-master)
13:51:31.801 center-sky [main] INFO  com.example.sky.SkyApplicationTests - No active profile set, falling back to default profiles: default
13:51:36.086 center-sky [main] INFO  o.s.s.c.ThreadPoolTaskExecutor - Initializing ExecutorService 'applicationTaskExecutor'
13:51:36.743 center-sky [main] INFO  com.example.sky.SkyApplicationTests - Started SkyApplicationTests in 6.334 seconds (JVM running for 10.337)
13:51:38.167 center-sky [SpringContextShutdownHook] INFO  o.s.s.c.ThreadPoolTaskExecutor - Shutting down ExecutorService 'applicationTaskExecutor'
13:52:35.825 center-sky [restartedMain] INFO  com.example.sky.SkyApplication - Starting SkyApplication on c-pc with PID 15388 (C:\Users\C\Desktop\sky-master\target\classes started by C in C:\Users\C\Desktop\sky-master)
13:52:35.834 center-sky [restartedMain] INFO  com.example.sky.SkyApplication - No active profile set, falling back to default profiles: default
13:52:35.952 center-sky [restartedMain] INFO  o.s.b.d.e.DevToolsPropertyDefaultsPostProcessor - Devtools property defaults active! Set 'spring.devtools.add-properties' to 'false' to disable
13:52:35.952 center-sky [restartedMain] INFO  o.s.b.d.e.DevToolsPropertyDefaultsPostProcessor - For additional web related logging consider setting the 'logging.level.web' property to 'DEBUG'
13:52:37.872 center-sky [restartedMain] INFO  o.s.b.w.e.tomcat.TomcatWebServer - Tomcat initialized with port(s): 28081 (http)
13:52:37.886 center-sky [restartedMain] INFO  o.a.coyote.http11.Http11NioProtocol - Initializing ProtocolHandler ["http-nio-28081"]
13:52:37.887 center-sky [restartedMain] INFO  o.a.catalina.core.StandardService - Starting service [Tomcat]
13:52:37.887 center-sky [restartedMain] INFO  o.a.catalina.core.StandardEngine - Starting Servlet engine: [Apache Tomcat/9.0.27]
13:52:38.099 center-sky [restartedMain] INFO  o.a.c.c.C.[Tomcat].[localhost].[/] - Initializing Spring embedded WebApplicationContext
13:52:38.099 center-sky [restartedMain] INFO  o.s.web.context.ContextLoader - Root WebApplicationContext: initialization completed in 2146 ms
13:52:38.438 center-sky [restartedMain] INFO  o.s.s.c.ThreadPoolTaskExecutor - Initializing ExecutorService 'applicationTaskExecutor'
13:52:38.746 center-sky [restartedMain] INFO  o.s.b.d.a.OptionalLiveReloadServer - LiveReload server is running on port 35729
13:52:38.795 center-sky [restartedMain] INFO  o.a.coyote.http11.Http11NioProtocol - Starting ProtocolHandler ["http-nio-28081"]
13:52:38.834 center-sky [restartedMain] INFO  o.s.b.w.e.tomcat.TomcatWebServer - Tomcat started on port(s): 28081 (http) with context path ''
13:52:38.844 center-sky [restartedMain] INFO  com.example.sky.SkyApplication - Started SkyApplication in 4.744 seconds (JVM running for 8.217)
13:53:49.592 center-sky [http-nio-28081-exec-1] INFO  o.a.c.c.C.[Tomcat].[localhost].[/] - Initializing Spring DispatcherServlet 'dispatcherServlet'
13:53:49.592 center-sky [http-nio-28081-exec-1] INFO  o.s.web.servlet.DispatcherServlet - Initializing Servlet 'dispatcherServlet'
13:53:49.602 center-sky [http-nio-28081-exec-1] INFO  o.s.web.servlet.DispatcherServlet - Completed initialization in 9 ms
14:11:34.763 center-sky [restartedMain] INFO  com.example.sky.SkyApplication - Starting SkyApplication on c-pc with PID 15380 (C:\Users\C\Desktop\sky-master\target\classes started by C in C:\Users\C\Desktop\sky-master)
14:11:34.778 center-sky [restartedMain] INFO  com.example.sky.SkyApplication - No active profile set, falling back to default profiles: default
14:11:34.923 center-sky [restartedMain] INFO  o.s.b.d.e.DevToolsPropertyDefaultsPostProcessor - Devtools property defaults active! Set 'spring.devtools.add-properties' to 'false' to disable
14:11:34.924 center-sky [restartedMain] INFO  o.s.b.d.e.DevToolsPropertyDefaultsPostProcessor - For additional web related logging consider setting the 'logging.level.web' property to 'DEBUG'
14:11:37.983 center-sky [restartedMain] INFO  o.s.b.w.e.tomcat.TomcatWebServer - Tomcat initialized with port(s): 28081 (http)
14:11:37.997 center-sky [restartedMain] INFO  o.a.coyote.http11.Http11NioProtocol - Initializing ProtocolHandler ["http-nio-28081"]
14:11:37.998 center-sky [restartedMain] INFO  o.a.catalina.core.StandardService - Starting service [Tomcat]
14:11:37.999 center-sky [restartedMain] INFO  o.a.catalina.core.StandardEngine - Starting Servlet engine: [Apache Tomcat/9.0.27]
14:11:38.211 center-sky [restartedMain] INFO  o.a.c.c.C.[Tomcat].[localhost].[/] - Initializing Spring embedded WebApplicationContext
14:11:38.212 center-sky [restartedMain] INFO  o.s.web.context.ContextLoader - Root WebApplicationContext: initialization completed in 3288 ms
14:11:38.508 center-sky [restartedMain] INFO  o.s.s.c.ThreadPoolTaskExecutor - Initializing ExecutorService 'applicationTaskExecutor'
14:11:38.807 center-sky [restartedMain] INFO  o.s.b.d.a.OptionalLiveReloadServer - LiveReload server is running on port 35729
14:11:38.852 center-sky [restartedMain] INFO  o.a.coyote.http11.Http11NioProtocol - Starting ProtocolHandler ["http-nio-28081"]
14:11:38.919 center-sky [restartedMain] INFO  o.s.b.w.e.tomcat.TomcatWebServer - Tomcat started on port(s): 28081 (http) with context path ''
14:11:38.934 center-sky [restartedMain] INFO  com.example.sky.SkyApplication - Started SkyApplication in 5.522 seconds (JVM running for 8.549)
14:12:05.405 center-sky [http-nio-28081-exec-1] INFO  o.a.c.c.C.[Tomcat].[localhost].[/] - Initializing Spring DispatcherServlet 'dispatcherServlet'
14:12:05.406 center-sky [http-nio-28081-exec-1] INFO  o.s.web.servlet.DispatcherServlet - Initializing Servlet 'dispatcherServlet'
14:12:05.413 center-sky [http-nio-28081-exec-1] INFO  o.s.web.servlet.DispatcherServlet - Completed initialization in 7 ms
14:12:52.812 center-sky [restartedMain] INFO  com.example.sky.SkyApplication - Starting SkyApplication on c-pc with PID 4532 (C:\Users\C\Desktop\sky-master\target\classes started by C in C:\Users\C\Desktop\sky-master)
14:12:52.818 center-sky [restartedMain] INFO  com.example.sky.SkyApplication - No active profile set, falling back to default profiles: default
14:12:52.944 center-sky [restartedMain] INFO  o.s.b.d.e.DevToolsPropertyDefaultsPostProcessor - Devtools property defaults active! Set 'spring.devtools.add-properties' to 'false' to disable
14:12:52.946 center-sky [restartedMain] INFO  o.s.b.d.e.DevToolsPropertyDefaultsPostProcessor - For additional web related logging consider setting the 'logging.level.web' property to 'DEBUG'
14:12:54.995 center-sky [restartedMain] INFO  o.s.b.w.e.tomcat.TomcatWebServer - Tomcat initialized with port(s): 28081 (http)
14:12:55.010 center-sky [restartedMain] INFO  o.a.coyote.http11.Http11NioProtocol - Initializing ProtocolHandler ["http-nio-28081"]
14:12:55.011 center-sky [restartedMain] INFO  o.a.catalina.core.StandardService - Starting service [Tomcat]
14:12:55.011 center-sky [restartedMain] INFO  o.a.catalina.core.StandardEngine - Starting Servlet engine: [Apache Tomcat/9.0.27]
14:12:55.218 center-sky [restartedMain] INFO  o.a.c.c.C.[Tomcat].[localhost].[/] - Initializing Spring embedded WebApplicationContext
14:12:55.218 center-sky [restartedMain] INFO  o.s.web.context.ContextLoader - Root WebApplicationContext: initialization completed in 2272 ms
14:12:55.581 center-sky [restartedMain] INFO  o.s.s.c.ThreadPoolTaskExecutor - Initializing ExecutorService 'applicationTaskExecutor'
14:12:55.828 center-sky [restartedMain] INFO  o.s.b.d.a.OptionalLiveReloadServer - LiveReload server is running on port 35729
14:12:55.863 center-sky [restartedMain] INFO  o.a.coyote.http11.Http11NioProtocol - Starting ProtocolHandler ["http-nio-28081"]
14:12:55.914 center-sky [restartedMain] INFO  o.s.b.w.e.tomcat.TomcatWebServer - Tomcat started on port(s): 28081 (http) with context path ''
14:12:55.923 center-sky [restartedMain] INFO  com.example.sky.SkyApplication - Started SkyApplication in 4.735 seconds (JVM running for 7.536)
14:13:02.956 center-sky [http-nio-28081-exec-1] INFO  o.a.c.c.C.[Tomcat].[localhost].[/] - Initializing Spring DispatcherServlet 'dispatcherServlet'
14:13:02.957 center-sky [http-nio-28081-exec-1] INFO  o.s.web.servlet.DispatcherServlet - Initializing Servlet 'dispatcherServlet'
14:13:02.967 center-sky [http-nio-28081-exec-1] INFO  o.s.web.servlet.DispatcherServlet - Completed initialization in 10 ms
14:13:03.277 center-sky [http-nio-28081-exec-1] INFO  c.e.s.c.AlarmController_weixin - alarmMessage:[AlarmMessageDto(scopeId=1, scope=SERVICE, name=serviceA, ruleName=service_resp_time_rule, id0=ejdjdfifi, id1=0, alarmMessage=alarmMessage xxxx, startTime=1560524171000), AlarmMessageDto(scopeId=1, scope=SERVICE, name=serviceB, ruleName=service_resp_time_rule, id0=ejdewewjdfifi, id1=0, alarmMessage=alarmMessage yyy, startTime=1560524171000)]
14:13:13.740 center-sky [http-nio-28081-exec-2] INFO  c.e.s.c.AlarmController_weixin - alarmMessage:[AlarmMessageDto(scopeId=1, scope=SERVICE, name=serviceA, ruleName=service_resp_time_rule, id0=ejdjdfifi, id1=0, alarmMessage=alarmMessage xxxx, startTime=1560524171000), AlarmMessageDto(scopeId=1, scope=SERVICE, name=serviceB, ruleName=service_resp_time_rule, id0=ejdewewjdfifi, id1=0, alarmMessage=alarmMessage yyy, startTime=1560524171000)]
14:53:54.724 center-sky [restartedMain] INFO  com.example.sky.SkyApplication - Starting SkyApplication on c-pc with PID 16440 (C:\Users\C\Desktop\sky-master\target\classes started by C in C:\Users\C\Desktop\sky-master)
14:53:54.728 center-sky [restartedMain] INFO  com.example.sky.SkyApplication - No active profile set, falling back to default profiles: default
14:53:54.872 center-sky [restartedMain] INFO  o.s.b.d.e.DevToolsPropertyDefaultsPostProcessor - Devtools property defaults active! Set 'spring.devtools.add-properties' to 'false' to disable
14:53:54.873 center-sky [restartedMain] INFO  o.s.b.d.e.DevToolsPropertyDefaultsPostProcessor - For additional web related logging consider setting the 'logging.level.web' property to 'DEBUG'
14:53:56.388 center-sky [restartedMain] INFO  o.s.b.w.e.tomcat.TomcatWebServer - Tomcat initialized with port(s): 28081 (http)
14:53:56.404 center-sky [restartedMain] INFO  o.a.coyote.http11.Http11NioProtocol - Initializing ProtocolHandler ["http-nio-28081"]
14:53:56.405 center-sky [restartedMain] INFO  o.a.catalina.core.StandardService - Starting service [Tomcat]
14:53:56.405 center-sky [restartedMain] INFO  o.a.catalina.core.StandardEngine - Starting Servlet engine: [Apache Tomcat/9.0.27]
14:53:56.592 center-sky [restartedMain] INFO  o.a.c.c.C.[Tomcat].[localhost].[/] - Initializing Spring embedded WebApplicationContext
14:53:56.593 center-sky [restartedMain] INFO  o.s.web.context.ContextLoader - Root WebApplicationContext: initialization completed in 1720 ms
14:53:56.900 center-sky [restartedMain] INFO  o.s.s.c.ThreadPoolTaskExecutor - Initializing ExecutorService 'applicationTaskExecutor'
14:53:57.214 center-sky [restartedMain] INFO  o.s.b.d.a.OptionalLiveReloadServer - LiveReload server is running on port 35729
14:53:57.247 center-sky [restartedMain] INFO  o.a.coyote.http11.Http11NioProtocol - Starting ProtocolHandler ["http-nio-28081"]
14:53:57.281 center-sky [restartedMain] INFO  o.s.b.w.e.tomcat.TomcatWebServer - Tomcat started on port(s): 28081 (http) with context path ''
14:53:57.287 center-sky [restartedMain] INFO  com.example.sky.SkyApplication - Started SkyApplication in 4.046 seconds (JVM running for 7.836)
14:56:10.049 center-sky [http-nio-28081-exec-1] INFO  o.a.c.c.C.[Tomcat].[localhost].[/] - Initializing Spring DispatcherServlet 'dispatcherServlet'
14:56:10.050 center-sky [http-nio-28081-exec-1] INFO  o.s.web.servlet.DispatcherServlet - Initializing Servlet 'dispatcherServlet'
14:56:10.061 center-sky [http-nio-28081-exec-1] INFO  o.s.web.servlet.DispatcherServlet - Completed initialization in 11 ms
14:56:10.435 center-sky [http-nio-28081-exec-1] INFO  c.e.s.c.AlarmController_weixin - alarmMessage:[AlarmMessageDto(scopeId=1, scope=SERVICE, name=serviceA, ruleName=service_resp_time_rule, id0=ejdjdfifi, id1=0, alarmMessage=alarmMessage xxxx, startTime=1560524171000), AlarmMessageDto(scopeId=1, scope=SERVICE, name=serviceB, ruleName=service_resp_time_rule, id0=ejdewewjdfifi, id1=0, alarmMessage=alarmMessage yyy, startTime=1560524171000)]
14:56:45.804 center-sky [restartedMain] INFO  com.example.sky.SkyApplication - Starting SkyApplication on c-pc with PID 10560 (C:\Users\C\Desktop\sky-master\target\classes started by C in C:\Users\C\Desktop\sky-master)
14:56:45.809 center-sky [restartedMain] INFO  com.example.sky.SkyApplication - No active profile set, falling back to default profiles: default
14:56:45.917 center-sky [restartedMain] INFO  o.s.b.d.e.DevToolsPropertyDefaultsPostProcessor - Devtools property defaults active! Set 'spring.devtools.add-properties' to 'false' to disable
14:56:45.917 center-sky [restartedMain] INFO  o.s.b.d.e.DevToolsPropertyDefaultsPostProcessor - For additional web related logging consider setting the 'logging.level.web' property to 'DEBUG'
14:56:47.638 center-sky [restartedMain] INFO  o.s.b.w.e.tomcat.TomcatWebServer - Tomcat initialized with port(s): 28081 (http)
14:56:47.658 center-sky [restartedMain] INFO  o.a.coyote.http11.Http11NioProtocol - Initializing ProtocolHandler ["http-nio-28081"]
14:56:47.659 center-sky [restartedMain] INFO  o.a.catalina.core.StandardService - Starting service [Tomcat]
14:56:47.661 center-sky [restartedMain] INFO  o.a.catalina.core.StandardEngine - Starting Servlet engine: [Apache Tomcat/9.0.27]
14:56:47.871 center-sky [restartedMain] INFO  o.a.c.c.C.[Tomcat].[localhost].[/] - Initializing Spring embedded WebApplicationContext
14:56:47.872 center-sky [restartedMain] INFO  o.s.web.context.ContextLoader - Root WebApplicationContext: initialization completed in 1953 ms
14:56:48.147 center-sky [restartedMain] INFO  o.s.s.c.ThreadPoolTaskExecutor - Initializing ExecutorService 'applicationTaskExecutor'
14:56:48.394 center-sky [restartedMain] INFO  o.s.b.d.a.OptionalLiveReloadServer - LiveReload server is running on port 35729
14:56:48.435 center-sky [restartedMain] INFO  o.a.coyote.http11.Http11NioProtocol - Starting ProtocolHandler ["http-nio-28081"]
14:56:48.474 center-sky [restartedMain] INFO  o.s.b.w.e.tomcat.TomcatWebServer - Tomcat started on port(s): 28081 (http) with context path ''
14:56:48.480 center-sky [restartedMain] INFO  com.example.sky.SkyApplication - Started SkyApplication in 5.35 seconds (JVM running for 8.095)
14:56:58.908 center-sky [http-nio-28081-exec-1] INFO  o.a.c.c.C.[Tomcat].[localhost].[/] - Initializing Spring DispatcherServlet 'dispatcherServlet'
14:56:59.028 center-sky [http-nio-28081-exec-1] INFO  o.s.web.servlet.DispatcherServlet - Initializing Servlet 'dispatcherServlet'
14:56:59.048 center-sky [http-nio-28081-exec-1] INFO  o.s.web.servlet.DispatcherServlet - Completed initialization in 19 ms
14:56:59.260 center-sky [http-nio-28081-exec-1] INFO  c.e.s.c.AlarmController_weixin - alarmMessage:[AlarmMessageDto(scopeId=1, scope=SERVICE, name=serviceA, ruleName=service_resp_time_rule, id0=ejdjdfifi, id1=0, alarmMessage=alarmMessage xxxx, startTime=1560524171000), AlarmMessageDto(scopeId=1, scope=SERVICE, name=serviceB, ruleName=service_resp_time_rule, id0=ejdewewjdfifi, id1=0, alarmMessage=alarmMessage yyy, startTime=1560524171000)]
15:02:47.525 center-sky [http-nio-28081-exec-3] INFO  c.e.s.c.AlarmController_weixin - alarmMessage:[AlarmMessageDto(scopeId=1, scope=SERVICE, name=serviceA, ruleName=service_resp_time_rule, id0=ejdjdfifi, id1=0, alarmMessage=alarmMessage xxxx, startTime=1560524171000), AlarmMessageDto(scopeId=1, scope=SERVICE, name=serviceB, ruleName=service_resp_time_rule, id0=ejdewewjdfifi, id1=0, alarmMessage=alarmMessage yyy, startTime=1560524171000)]
15:02:59.105 center-sky [http-nio-28081-exec-5] INFO  c.e.s.c.AlarmController_weixin - alarmMessage:[AlarmMessageDto(scopeId=1, scope=SERVICE, name=serviceA, ruleName=service_resp_time_rule, id0=ejdjdfifi, id1=0, alarmMessage=alarmMessage xxxx, startTime=1560524171000), AlarmMessageDto(scopeId=1, scope=SERVICE, name=serviceB, ruleName=service_resp_time_rule, id0=ejdewewjdfifi, id1=0, alarmMessage=alarmMessage yyy, startTime=1560524171000)]
15:03:34.939 center-sky [restartedMain] INFO  com.example.sky.SkyApplication - Starting SkyApplication on c-pc with PID 15116 (C:\Users\C\Desktop\sky-master\target\classes started by C in C:\Users\C\Desktop\sky-master)
15:03:34.943 center-sky [restartedMain] INFO  com.example.sky.SkyApplication - No active profile set, falling back to default profiles: default
15:03:35.015 center-sky [restartedMain] INFO  o.s.b.d.e.DevToolsPropertyDefaultsPostProcessor - Devtools property defaults active! Set 'spring.devtools.add-properties' to 'false' to disable
15:03:35.016 center-sky [restartedMain] INFO  o.s.b.d.e.DevToolsPropertyDefaultsPostProcessor - For additional web related logging consider setting the 'logging.level.web' property to 'DEBUG'
15:03:36.675 center-sky [restartedMain] INFO  o.s.b.w.e.tomcat.TomcatWebServer - Tomcat initialized with port(s): 28081 (http)
15:03:36.687 center-sky [restartedMain] INFO  o.a.coyote.http11.Http11NioProtocol - Initializing ProtocolHandler ["http-nio-28081"]
15:03:36.688 center-sky [restartedMain] INFO  o.a.catalina.core.StandardService - Starting service [Tomcat]
15:03:36.689 center-sky [restartedMain] INFO  o.a.catalina.core.StandardEngine - Starting Servlet engine: [Apache Tomcat/9.0.27]
15:03:36.885 center-sky [restartedMain] INFO  o.a.c.c.C.[Tomcat].[localhost].[/] - Initializing Spring embedded WebApplicationContext
15:03:36.887 center-sky [restartedMain] INFO  o.s.web.context.ContextLoader - Root WebApplicationContext: initialization completed in 1870 ms
15:03:37.184 center-sky [restartedMain] INFO  o.s.s.c.ThreadPoolTaskExecutor - Initializing ExecutorService 'applicationTaskExecutor'
15:03:37.435 center-sky [restartedMain] INFO  o.s.b.d.a.OptionalLiveReloadServer - LiveReload server is running on port 35729
15:03:37.469 center-sky [restartedMain] INFO  o.a.coyote.http11.Http11NioProtocol - Starting ProtocolHandler ["http-nio-28081"]
15:03:37.505 center-sky [restartedMain] INFO  o.s.b.w.e.tomcat.TomcatWebServer - Tomcat started on port(s): 28081 (http) with context path ''
15:03:37.512 center-sky [restartedMain] INFO  com.example.sky.SkyApplication - Started SkyApplication in 4.343 seconds (JVM running for 7.109)
15:03:44.950 center-sky [http-nio-28081-exec-1] INFO  o.a.c.c.C.[Tomcat].[localhost].[/] - Initializing Spring DispatcherServlet 'dispatcherServlet'
15:03:44.951 center-sky [http-nio-28081-exec-1] INFO  o.s.web.servlet.DispatcherServlet - Initializing Servlet 'dispatcherServlet'
15:03:45.054 center-sky [http-nio-28081-exec-1] INFO  o.s.web.servlet.DispatcherServlet - Completed initialization in 102 ms
15:04:13.929 center-sky [restartedMain] INFO  com.example.sky.SkyApplication - Starting SkyApplication on c-pc with PID 14780 (C:\Users\C\Desktop\sky-master\target\classes started by C in C:\Users\C\Desktop\sky-master)
15:04:13.935 center-sky [restartedMain] INFO  com.example.sky.SkyApplication - No active profile set, falling back to default profiles: default
15:04:14.081 center-sky [restartedMain] INFO  o.s.b.d.e.DevToolsPropertyDefaultsPostProcessor - Devtools property defaults active! Set 'spring.devtools.add-properties' to 'false' to disable
15:04:14.081 center-sky [restartedMain] INFO  o.s.b.d.e.DevToolsPropertyDefaultsPostProcessor - For additional web related logging consider setting the 'logging.level.web' property to 'DEBUG'
15:04:16.044 center-sky [restartedMain] INFO  o.s.b.w.e.tomcat.TomcatWebServer - Tomcat initialized with port(s): 28081 (http)
15:04:16.063 center-sky [restartedMain] INFO  o.a.coyote.http11.Http11NioProtocol - Initializing ProtocolHandler ["http-nio-28081"]
15:04:16.064 center-sky [restartedMain] INFO  o.a.catalina.core.StandardService - Starting service [Tomcat]
15:04:16.064 center-sky [restartedMain] INFO  o.a.catalina.core.StandardEngine - Starting Servlet engine: [Apache Tomcat/9.0.27]
15:04:16.270 center-sky [restartedMain] INFO  o.a.c.c.C.[Tomcat].[localhost].[/] - Initializing Spring embedded WebApplicationContext
15:04:16.271 center-sky [restartedMain] INFO  o.s.web.context.ContextLoader - Root WebApplicationContext: initialization completed in 2190 ms
15:04:16.620 center-sky [restartedMain] INFO  o.s.s.c.ThreadPoolTaskExecutor - Initializing ExecutorService 'applicationTaskExecutor'
15:04:16.889 center-sky [restartedMain] INFO  o.s.b.d.a.OptionalLiveReloadServer - LiveReload server is running on port 35729
15:04:16.929 center-sky [restartedMain] INFO  o.a.coyote.http11.Http11NioProtocol - Starting ProtocolHandler ["http-nio-28081"]
15:04:16.962 center-sky [restartedMain] INFO  o.s.b.w.e.tomcat.TomcatWebServer - Tomcat started on port(s): 28081 (http) with context path ''
15:04:16.971 center-sky [restartedMain] INFO  com.example.sky.SkyApplication - Started SkyApplication in 4.856 seconds (JVM running for 7.37)
15:04:25.677 center-sky [http-nio-28081-exec-2] INFO  o.a.c.c.C.[Tomcat].[localhost].[/] - Initializing Spring DispatcherServlet 'dispatcherServlet'
15:04:25.679 center-sky [http-nio-28081-exec-2] INFO  o.s.web.servlet.DispatcherServlet - Initializing Servlet 'dispatcherServlet'
15:04:25.691 center-sky [http-nio-28081-exec-2] INFO  o.s.web.servlet.DispatcherServlet - Completed initialization in 10 ms
15:04:25.941 center-sky [http-nio-28081-exec-2] INFO  c.e.s.c.AlarmController_weixin - alarmMessage:[AlarmMessageDto(scopeId=1, scope=SERVICE, name=serviceA, ruleName=service_resp_time_rule, id0=ejdjdfifi, id1=0, alarmMessage=alarmMessage xxxx, startTime=1560524171000), AlarmMessageDto(scopeId=1, scope=SERVICE, name=serviceB, ruleName=service_resp_time_rule, id0=ejdewewjdfifi, id1=0, alarmMessage=alarmMessage yyy, startTime=1560524171000)]
15:04:34.969 center-sky [http-nio-28081-exec-4] INFO  c.e.s.c.AlarmController_weixin - alarmMessage:[AlarmMessageDto(scopeId=1, scope=SERVICE, name=serviceA, ruleName=service_resp_time_rule, id0=ejdjdfifi, id1=0, alarmMessage=alarmMessage xxxx, startTime=1560524171000), AlarmMessageDto(scopeId=1, scope=SERVICE, name=serviceB, ruleName=service_resp_time_rule, id0=ejdewewjdfifi, id1=0, alarmMessage=alarmMessage yyy, startTime=1560524171000)]
15:33:48.444 center-sky [restartedMain] INFO  com.example.sky.SkyApplication - Starting SkyApplication on c-pc with PID 3912 (C:\Users\C\Desktop\sky-master\target\classes started by C in C:\Users\C\Desktop\sky-master)
15:33:48.473 center-sky [restartedMain] INFO  com.example.sky.SkyApplication - No active profile set, falling back to default profiles: default
15:33:48.565 center-sky [restartedMain] INFO  o.s.b.d.e.DevToolsPropertyDefaultsPostProcessor - Devtools property defaults active! Set 'spring.devtools.add-properties' to 'false' to disable
15:33:48.565 center-sky [restartedMain] INFO  o.s.b.d.e.DevToolsPropertyDefaultsPostProcessor - For additional web related logging consider setting the 'logging.level.web' property to 'DEBUG'
15:33:50.078 center-sky [restartedMain] INFO  o.s.b.w.e.tomcat.TomcatWebServer - Tomcat initialized with port(s): 28081 (http)
15:33:50.090 center-sky [restartedMain] INFO  o.a.coyote.http11.Http11NioProtocol - Initializing ProtocolHandler ["http-nio-28081"]
15:33:50.091 center-sky [restartedMain] INFO  o.a.catalina.core.StandardService - Starting service [Tomcat]
15:33:50.091 center-sky [restartedMain] INFO  o.a.catalina.core.StandardEngine - Starting Servlet engine: [Apache Tomcat/9.0.27]
15:33:50.280 center-sky [restartedMain] INFO  o.a.c.c.C.[Tomcat].[localhost].[/] - Initializing Spring embedded WebApplicationContext
15:33:50.281 center-sky [restartedMain] INFO  o.s.web.context.ContextLoader - Root WebApplicationContext: initialization completed in 1716 ms
15:33:50.558 center-sky [restartedMain] INFO  o.s.s.c.ThreadPoolTaskExecutor - Initializing ExecutorService 'applicationTaskExecutor'
15:33:50.823 center-sky [restartedMain] INFO  o.s.b.d.a.OptionalLiveReloadServer - LiveReload server is running on port 35729
15:33:50.867 center-sky [restartedMain] INFO  o.a.coyote.http11.Http11NioProtocol - Starting ProtocolHandler ["http-nio-28081"]
15:33:50.912 center-sky [restartedMain] INFO  o.s.b.w.e.tomcat.TomcatWebServer - Tomcat started on port(s): 28081 (http) with context path ''
15:33:50.919 center-sky [restartedMain] INFO  com.example.sky.SkyApplication - Started SkyApplication in 4.292 seconds (JVM running for 7.924)
15:33:55.659 center-sky [http-nio-28081-exec-1] INFO  o.a.c.c.C.[Tomcat].[localhost].[/] - Initializing Spring DispatcherServlet 'dispatcherServlet'
15:33:55.659 center-sky [http-nio-28081-exec-1] INFO  o.s.web.servlet.DispatcherServlet - Initializing Servlet 'dispatcherServlet'
15:33:55.671 center-sky [http-nio-28081-exec-1] INFO  o.s.web.servlet.DispatcherServlet - Completed initialization in 12 ms
15:33:55.832 center-sky [http-nio-28081-exec-1] INFO  c.e.s.c.AlarmController_weixin - alarmMessage:[AlarmMessageDto(scopeId=1, scope=SERVICE, name=serviceA, ruleName=service_resp_time_rule, id0=ejdjdfifi, id1=0, alarmMessage=alarmMessage xxxx, startTime=1560524171000), AlarmMessageDto(scopeId=1, scope=SERVICE, name=serviceB, ruleName=service_resp_time_rule, id0=ejdewewjdfifi, id1=0, alarmMessage=alarmMessage yyy, startTime=1560524171000)]
17:06:43.858 center-sky [restartedMain] INFO  com.example.sky.SkyApplication - Starting SkyApplication on c-pc with PID 14132 (C:\Users\C\Desktop\sky-master\target\classes started by C in C:\Users\C\Desktop\sky-master)
17:06:43.867 center-sky [restartedMain] INFO  com.example.sky.SkyApplication - No active profile set, falling back to default profiles: default
17:06:43.953 center-sky [restartedMain] INFO  o.s.b.d.e.DevToolsPropertyDefaultsPostProcessor - Devtools property defaults active! Set 'spring.devtools.add-properties' to 'false' to disable
17:06:43.954 center-sky [restartedMain] INFO  o.s.b.d.e.DevToolsPropertyDefaultsPostProcessor - For additional web related logging consider setting the 'logging.level.web' property to 'DEBUG'
17:06:45.567 center-sky [restartedMain] INFO  o.s.b.w.e.tomcat.TomcatWebServer - Tomcat initialized with port(s): 28081 (http)
17:06:45.579 center-sky [restartedMain] INFO  o.a.coyote.http11.Http11NioProtocol - Initializing ProtocolHandler ["http-nio-28081"]
17:06:45.582 center-sky [restartedMain] INFO  o.a.catalina.core.StandardService - Starting service [Tomcat]
17:06:45.582 center-sky [restartedMain] INFO  o.a.catalina.core.StandardEngine - Starting Servlet engine: [Apache Tomcat/9.0.27]
17:06:45.796 center-sky [restartedMain] INFO  o.a.c.c.C.[Tomcat].[localhost].[/] - Initializing Spring embedded WebApplicationContext
17:06:45.796 center-sky [restartedMain] INFO  o.s.web.context.ContextLoader - Root WebApplicationContext: initialization completed in 1842 ms
17:06:46.475 center-sky [restartedMain] INFO  o.s.s.c.ThreadPoolTaskExecutor - Initializing ExecutorService 'applicationTaskExecutor'
17:06:46.782 center-sky [restartedMain] INFO  o.s.b.d.a.OptionalLiveReloadServer - LiveReload server is running on port 35729
17:06:46.817 center-sky [restartedMain] INFO  o.a.coyote.http11.Http11NioProtocol - Starting ProtocolHandler ["http-nio-28081"]
17:06:46.850 center-sky [restartedMain] INFO  o.s.b.w.e.tomcat.TomcatWebServer - Tomcat started on port(s): 28081 (http) with context path ''
17:06:46.856 center-sky [restartedMain] INFO  com.example.sky.SkyApplication - Started SkyApplication in 4.12 seconds (JVM running for 7.791)
17:06:55.983 center-sky [http-nio-28081-exec-1] INFO  o.a.c.c.C.[Tomcat].[localhost].[/] - Initializing Spring DispatcherServlet 'dispatcherServlet'
17:06:56.060 center-sky [http-nio-28081-exec-1] INFO  o.s.web.servlet.DispatcherServlet - Initializing Servlet 'dispatcherServlet'
17:06:56.077 center-sky [http-nio-28081-exec-1] INFO  o.s.web.servlet.DispatcherServlet - Completed initialization in 17 ms
17:06:56.304 center-sky [http-nio-28081-exec-1] ERROR o.a.c.c.C.[.[.[.[dispatcherServlet] - Servlet.service() for servlet [dispatcherServlet] in context with path [] threw exception [Request processing failed; nested exception is java.lang.IllegalStateException: No primary or default constructor found for interface com.example.sky.Message] with root cause
java.lang.NoSuchMethodException: com.example.sky.Message.<init>()
	at java.base/java.lang.Class.getConstructor0(Class.java:3355)
	at java.base/java.lang.Class.getDeclaredConstructor(Class.java:2559)
	at org.springframework.web.method.annotation.ModelAttributeMethodProcessor.createAttribute(ModelAttributeMethodProcessor.java:216)
	at org.springframework.web.servlet.mvc.method.annotation.ServletModelAttributeMethodProcessor.createAttribute(ServletModelAttributeMethodProcessor.java:85)
	at org.springframework.web.method.annotation.ModelAttributeMethodProcessor.resolveArgument(ModelAttributeMethodProcessor.java:139)
	at org.springframework.web.method.support.HandlerMethodArgumentResolverComposite.resolveArgument(HandlerMethodArgumentResolverComposite.java:121)
	at org.springframework.web.method.support.InvocableHandlerMethod.getMethodArgumentValues(InvocableHandlerMethod.java:167)
	at org.springframework.web.method.support.InvocableHandlerMethod.invokeForRequest(InvocableHandlerMethod.java:134)
	at org.springframework.web.servlet.mvc.method.annotation.ServletInvocableHandlerMethod.invokeAndHandle(ServletInvocableHandlerMethod.java:106)
	at org.springframework.web.servlet.mvc.method.annotation.RequestMappingHandlerAdapter.invokeHandlerMethod(RequestMappingHandlerAdapter.java:888)
	at org.springframework.web.servlet.mvc.method.annotation.RequestMappingHandlerAdapter.handleInternal(RequestMappingHandlerAdapter.java:793)
	at org.springframework.web.servlet.mvc.method.AbstractHandlerMethodAdapter.handle(AbstractHandlerMethodAdapter.java:87)
	at org.springframework.web.servlet.DispatcherServlet.doDispatch(DispatcherServlet.java:1040)
	at org.springframework.web.servlet.DispatcherServlet.doService(DispatcherServlet.java:943)
	at org.springframework.web.servlet.FrameworkServlet.processRequest(FrameworkServlet.java:1006)
	at org.springframework.web.servlet.FrameworkServlet.doPost(FrameworkServlet.java:909)
	at javax.servlet.http.HttpServlet.service(HttpServlet.java:660)
	at org.springframework.web.servlet.FrameworkServlet.service(FrameworkServlet.java:883)
	at javax.servlet.http.HttpServlet.service(HttpServlet.java:741)
	at org.apache.catalina.core.ApplicationFilterChain.internalDoFilter(ApplicationFilterChain.java:231)
	at org.apache.catalina.core.ApplicationFilterChain.doFilter(ApplicationFilterChain.java:166)
	at org.apache.tomcat.websocket.server.WsFilter.doFilter(WsFilter.java:53)
	at org.apache.catalina.core.ApplicationFilterChain.internalDoFilter(ApplicationFilterChain.java:193)
	at org.apache.catalina.core.ApplicationFilterChain.doFilter(ApplicationFilterChain.java:166)
	at org.springframework.web.filter.RequestContextFilter.doFilterInternal(RequestContextFilter.java:100)
	at org.springframework.web.filter.OncePerRequestFilter.doFilter(OncePerRequestFilter.java:119)
	at org.apache.catalina.core.ApplicationFilterChain.internalDoFilter(ApplicationFilterChain.java:193)
	at org.apache.catalina.core.ApplicationFilterChain.doFilter(ApplicationFilterChain.java:166)
	at org.springframework.web.filter.FormContentFilter.doFilterInternal(FormContentFilter.java:93)
	at org.springframework.web.filter.OncePerRequestFilter.doFilter(OncePerRequestFilter.java:119)
	at org.apache.catalina.core.ApplicationFilterChain.internalDoFilter(ApplicationFilterChain.java:193)
	at org.apache.catalina.core.ApplicationFilterChain.doFilter(ApplicationFilterChain.java:166)
	at org.springframework.web.filter.CharacterEncodingFilter.doFilterInternal(CharacterEncodingFilter.java:201)
	at org.springframework.web.filter.OncePerRequestFilter.doFilter(OncePerRequestFilter.java:119)
	at org.apache.catalina.core.ApplicationFilterChain.internalDoFilter(ApplicationFilterChain.java:193)
	at org.apache.catalina.core.ApplicationFilterChain.doFilter(ApplicationFilterChain.java:166)
	at org.apache.catalina.core.StandardWrapperValve.invoke(StandardWrapperValve.java:202)
	at org.apache.catalina.core.StandardContextValve.invoke(StandardContextValve.java:96)
	at org.apache.catalina.authenticator.AuthenticatorBase.invoke(AuthenticatorBase.java:526)
	at org.apache.catalina.core.StandardHostValve.invoke(StandardHostValve.java:139)
	at org.apache.catalina.valves.ErrorReportValve.invoke(ErrorReportValve.java:92)
	at org.apache.catalina.core.StandardEngineValve.invoke(StandardEngineValve.java:74)
	at org.apache.catalina.connector.CoyoteAdapter.service(CoyoteAdapter.java:343)
	at org.apache.coyote.http11.Http11Processor.service(Http11Processor.java:408)
	at org.apache.coyote.AbstractProcessorLight.process(AbstractProcessorLight.java:66)
	at org.apache.coyote.AbstractProtocol$ConnectionHandler.process(AbstractProtocol.java:861)
	at org.apache.tomcat.util.net.NioEndpoint$SocketProcessor.doRun(NioEndpoint.java:1579)
	at org.apache.tomcat.util.net.SocketProcessorBase.run(SocketProcessorBase.java:49)
	at java.base/java.util.concurrent.ThreadPoolExecutor.runWorker(ThreadPoolExecutor.java:1128)
	at java.base/java.util.concurrent.ThreadPoolExecutor$Worker.run(ThreadPoolExecutor.java:628)
	at org.apache.tomcat.util.threads.TaskThread$WrappingRunnable.run(TaskThread.java:61)
	at java.base/java.lang.Thread.run(Thread.java:835)
17:08:11.358 center-sky [http-nio-28081-exec-2] ERROR o.a.c.c.C.[.[.[.[dispatcherServlet] - Servlet.service() for servlet [dispatcherServlet] in context with path [] threw exception [Request processing failed; nested exception is java.lang.IllegalStateException: No primary or default constructor found for interface com.example.sky.Message] with root cause
java.lang.NoSuchMethodException: com.example.sky.Message.<init>()
	at java.base/java.lang.Class.getConstructor0(Class.java:3355)
	at java.base/java.lang.Class.getDeclaredConstructor(Class.java:2559)
	at org.springframework.web.method.annotation.ModelAttributeMethodProcessor.createAttribute(ModelAttributeMethodProcessor.java:216)
	at org.springframework.web.servlet.mvc.method.annotation.ServletModelAttributeMethodProcessor.createAttribute(ServletModelAttributeMethodProcessor.java:85)
	at org.springframework.web.method.annotation.ModelAttributeMethodProcessor.resolveArgument(ModelAttributeMethodProcessor.java:139)
	at org.springframework.web.method.support.HandlerMethodArgumentResolverComposite.resolveArgument(HandlerMethodArgumentResolverComposite.java:121)
	at org.springframework.web.method.support.InvocableHandlerMethod.getMethodArgumentValues(InvocableHandlerMethod.java:167)
	at org.springframework.web.method.support.InvocableHandlerMethod.invokeForRequest(InvocableHandlerMethod.java:134)
	at org.springframework.web.servlet.mvc.method.annotation.ServletInvocableHandlerMethod.invokeAndHandle(ServletInvocableHandlerMethod.java:106)
	at org.springframework.web.servlet.mvc.method.annotation.RequestMappingHandlerAdapter.invokeHandlerMethod(RequestMappingHandlerAdapter.java:888)
	at org.springframework.web.servlet.mvc.method.annotation.RequestMappingHandlerAdapter.handleInternal(RequestMappingHandlerAdapter.java:793)
	at org.springframework.web.servlet.mvc.method.AbstractHandlerMethodAdapter.handle(AbstractHandlerMethodAdapter.java:87)
	at org.springframework.web.servlet.DispatcherServlet.doDispatch(DispatcherServlet.java:1040)
	at org.springframework.web.servlet.DispatcherServlet.doService(DispatcherServlet.java:943)
	at org.springframework.web.servlet.FrameworkServlet.processRequest(FrameworkServlet.java:1006)
	at org.springframework.web.servlet.FrameworkServlet.doPost(FrameworkServlet.java:909)
	at javax.servlet.http.HttpServlet.service(HttpServlet.java:660)
	at org.springframework.web.servlet.FrameworkServlet.service(FrameworkServlet.java:883)
	at javax.servlet.http.HttpServlet.service(HttpServlet.java:741)
	at org.apache.catalina.core.ApplicationFilterChain.internalDoFilter(ApplicationFilterChain.java:231)
	at org.apache.catalina.core.ApplicationFilterChain.doFilter(ApplicationFilterChain.java:166)
	at org.apache.tomcat.websocket.server.WsFilter.doFilter(WsFilter.java:53)
	at org.apache.catalina.core.ApplicationFilterChain.internalDoFilter(ApplicationFilterChain.java:193)
	at org.apache.catalina.core.ApplicationFilterChain.doFilter(ApplicationFilterChain.java:166)
	at org.springframework.web.filter.RequestContextFilter.doFilterInternal(RequestContextFilter.java:100)
	at org.springframework.web.filter.OncePerRequestFilter.doFilter(OncePerRequestFilter.java:119)
	at org.apache.catalina.core.ApplicationFilterChain.internalDoFilter(ApplicationFilterChain.java:193)
	at org.apache.catalina.core.ApplicationFilterChain.doFilter(ApplicationFilterChain.java:166)
	at org.springframework.web.filter.FormContentFilter.doFilterInternal(FormContentFilter.java:93)
	at org.springframework.web.filter.OncePerRequestFilter.doFilter(OncePerRequestFilter.java:119)
	at org.apache.catalina.core.ApplicationFilterChain.internalDoFilter(ApplicationFilterChain.java:193)
	at org.apache.catalina.core.ApplicationFilterChain.doFilter(ApplicationFilterChain.java:166)
	at org.springframework.web.filter.CharacterEncodingFilter.doFilterInternal(CharacterEncodingFilter.java:201)
	at org.springframework.web.filter.OncePerRequestFilter.doFilter(OncePerRequestFilter.java:119)
	at org.apache.catalina.core.ApplicationFilterChain.internalDoFilter(ApplicationFilterChain.java:193)
	at org.apache.catalina.core.ApplicationFilterChain.doFilter(ApplicationFilterChain.java:166)
	at org.apache.catalina.core.StandardWrapperValve.invoke(StandardWrapperValve.java:202)
	at org.apache.catalina.core.StandardContextValve.invoke(StandardContextValve.java:96)
	at org.apache.catalina.authenticator.AuthenticatorBase.invoke(AuthenticatorBase.java:526)
	at org.apache.catalina.core.StandardHostValve.invoke(StandardHostValve.java:139)
	at org.apache.catalina.valves.ErrorReportValve.invoke(ErrorReportValve.java:92)
	at org.apache.catalina.core.StandardEngineValve.invoke(StandardEngineValve.java:74)
	at org.apache.catalina.connector.CoyoteAdapter.service(CoyoteAdapter.java:343)
	at org.apache.coyote.http11.Http11Processor.service(Http11Processor.java:408)
	at org.apache.coyote.AbstractProcessorLight.process(AbstractProcessorLight.java:66)
	at org.apache.coyote.AbstractProtocol$ConnectionHandler.process(AbstractProtocol.java:861)
	at org.apache.tomcat.util.net.NioEndpoint$SocketProcessor.doRun(NioEndpoint.java:1579)
	at org.apache.tomcat.util.net.SocketProcessorBase.run(SocketProcessorBase.java:49)
	at java.base/java.util.concurrent.ThreadPoolExecutor.runWorker(ThreadPoolExecutor.java:1128)
	at java.base/java.util.concurrent.ThreadPoolExecutor$Worker.run(ThreadPoolExecutor.java:628)
	at org.apache.tomcat.util.threads.TaskThread$WrappingRunnable.run(TaskThread.java:61)
	at java.base/java.lang.Thread.run(Thread.java:835)
17:10:05.502 center-sky [restartedMain] INFO  com.example.sky.SkyApplication - Starting SkyApplication on c-pc with PID 17256 (C:\Users\C\Desktop\sky-master\target\classes started by C in C:\Users\C\Desktop\sky-master)
17:10:05.506 center-sky [restartedMain] INFO  com.example.sky.SkyApplication - No active profile set, falling back to default profiles: default
17:10:05.617 center-sky [restartedMain] INFO  o.s.b.d.e.DevToolsPropertyDefaultsPostProcessor - Devtools property defaults active! Set 'spring.devtools.add-properties' to 'false' to disable
17:10:05.618 center-sky [restartedMain] INFO  o.s.b.d.e.DevToolsPropertyDefaultsPostProcessor - For additional web related logging consider setting the 'logging.level.web' property to 'DEBUG'
17:10:07.694 center-sky [restartedMain] INFO  o.s.b.w.e.tomcat.TomcatWebServer - Tomcat initialized with port(s): 28081 (http)
17:10:07.731 center-sky [restartedMain] INFO  o.a.coyote.http11.Http11NioProtocol - Initializing ProtocolHandler ["http-nio-28081"]
17:10:07.732 center-sky [restartedMain] INFO  o.a.catalina.core.StandardService - Starting service [Tomcat]
17:10:07.734 center-sky [restartedMain] INFO  o.a.catalina.core.StandardEngine - Starting Servlet engine: [Apache Tomcat/9.0.27]
17:10:08.190 center-sky [restartedMain] INFO  o.a.c.c.C.[Tomcat].[localhost].[/] - Initializing Spring embedded WebApplicationContext
17:10:08.191 center-sky [restartedMain] INFO  o.s.web.context.ContextLoader - Root WebApplicationContext: initialization completed in 2572 ms
17:10:08.951 center-sky [restartedMain] INFO  o.s.s.c.ThreadPoolTaskExecutor - Initializing ExecutorService 'applicationTaskExecutor'
17:10:09.662 center-sky [restartedMain] INFO  o.s.b.d.a.OptionalLiveReloadServer - LiveReload server is running on port 35729
17:10:09.799 center-sky [restartedMain] INFO  o.a.coyote.http11.Http11NioProtocol - Starting ProtocolHandler ["http-nio-28081"]
17:10:09.862 center-sky [restartedMain] INFO  o.s.b.w.e.tomcat.TomcatWebServer - Tomcat started on port(s): 28081 (http) with context path ''
17:10:09.874 center-sky [restartedMain] INFO  com.example.sky.SkyApplication - Started SkyApplication in 6.357 seconds (JVM running for 9.002)
