15:35:40.024 center-sky [restartedMain] INFO  com.example.sky.SkyApplication - Starting SkyApplication on c-pc with PID 31932 (C:\Users\C\Desktop\sky-master\target\classes started by C in C:\Users\C\Desktop\sky-master)
15:35:40.028 center-sky [restartedMain] INFO  com.example.sky.SkyApplication - No active profile set, falling back to default profiles: default
15:35:40.176 center-sky [restartedMain] INFO  o.s.b.d.e.DevToolsPropertyDefaultsPostProcessor - Devtools property defaults active! Set 'spring.devtools.add-properties' to 'false' to disable
15:35:40.176 center-sky [restartedMain] INFO  o.s.b.d.e.DevToolsPropertyDefaultsPostProcessor - For additional web related logging consider setting the 'logging.level.web' property to 'DEBUG'
15:35:42.693 center-sky [restartedMain] INFO  o.s.b.w.e.tomcat.TomcatWebServer - Tomcat initialized with port(s): 28081 (http)
15:35:42.728 center-sky [restartedMain] INFO  o.a.coyote.http11.Http11NioProtocol - Initializing ProtocolHandler ["http-nio-28081"]
15:35:42.732 center-sky [restartedMain] INFO  o.a.catalina.core.StandardService - Starting service [Tomcat]
15:35:42.733 center-sky [restartedMain] INFO  o.a.catalina.core.StandardEngine - Starting Servlet engine: [Apache Tomcat/9.0.27]
15:35:43.021 center-sky [restartedMain] INFO  o.a.c.c.C.[Tomcat].[localhost].[/] - Initializing Spring embedded WebApplicationContext
15:35:43.022 center-sky [restartedMain] INFO  o.s.web.context.ContextLoader - Root WebApplicationContext: initialization completed in 2846 ms
15:35:43.909 center-sky [restartedMain] INFO  o.s.s.c.ThreadPoolTaskExecutor - Initializing ExecutorService 'applicationTaskExecutor'
15:35:44.338 center-sky [restartedMain] INFO  o.s.b.d.a.OptionalLiveReloadServer - LiveReload server is running on port 35729
15:35:44.394 center-sky [restartedMain] INFO  o.a.coyote.http11.Http11NioProtocol - Starting ProtocolHandler ["http-nio-28081"]
15:35:44.443 center-sky [restartedMain] INFO  o.s.b.w.e.tomcat.TomcatWebServer - Tomcat started on port(s): 28081 (http) with context path ''
15:35:44.451 center-sky [restartedMain] INFO  com.example.sky.SkyApplication - Started SkyApplication in 6.895 seconds (JVM running for 11.652)
15:39:58.202 center-sky [http-nio-28081-exec-1] INFO  o.a.c.c.C.[Tomcat].[localhost].[/] - Initializing Spring DispatcherServlet 'dispatcherServlet'
15:39:58.207 center-sky [http-nio-28081-exec-1] INFO  o.s.web.servlet.DispatcherServlet - Initializing Servlet 'dispatcherServlet'
15:39:58.244 center-sky [http-nio-28081-exec-1] INFO  o.s.web.servlet.DispatcherServlet - Completed initialization in 37 ms
15:39:58.552 center-sky [http-nio-28081-exec-1] INFO  c.e.s.c.AlarmController_weixin - alarmMessage:[AlarmMessageDto(scopeId=1, scope=SERVICE, name=serviceA, ruleName=service_resp_time_rule, id0=ejdjdfifi, id1=0, alarmMessage=alarmMessage xxxx, startTime=1560524171000), AlarmMessageDto(scopeId=1, scope=SERVICE, name=serviceB, ruleName=service_resp_time_rule, id0=ejdewewjdfifi, id1=0, alarmMessage=alarmMessage yyy, startTime=1560524171000)]
15:39:58.607 center-sky [http-nio-28081-exec-1] ERROR o.a.c.c.C.[.[.[.[dispatcherServlet] - Servlet.service() for servlet [dispatcherServlet] in context with path [] threw exception
java.io.IOException: Cannot run program "curl 'https://qyapi.weixin.qq.com/cgi-bin/webhook/send?key=d51ce794-4ec7-44b8-aef2-4e28b4703b' ": CreateProcess error=2, 系统找不到指定的文件。
	at java.base/java.lang.ProcessBuilder.start(ProcessBuilder.java:1128)
	at java.base/java.lang.ProcessBuilder.start(ProcessBuilder.java:1071)
	at com.example.sky.controller.AlarmController_weixin.alarm(AlarmController_weixin.java:67)
	at java.base/jdk.internal.reflect.NativeMethodAccessorImpl.invoke0(Native Method)
	at java.base/jdk.internal.reflect.NativeMethodAccessorImpl.invoke(NativeMethodAccessorImpl.java:62)
	at java.base/jdk.internal.reflect.DelegatingMethodAccessorImpl.invoke(DelegatingMethodAccessorImpl.java:43)
	at java.base/java.lang.reflect.Method.invoke(Method.java:567)
	at org.springframework.web.method.support.InvocableHandlerMethod.doInvoke(InvocableHandlerMethod.java:190)
	at org.springframework.web.method.support.InvocableHandlerMethod.invokeForRequest(InvocableHandlerMethod.java:138)
	at org.springframework.web.servlet.mvc.method.annotation.ServletInvocableHandlerMethod.invokeAndHandle(ServletInvocableHandlerMethod.java:106)
	at org.springframework.web.servlet.mvc.method.annotation.RequestMappingHandlerAdapter.invokeHandlerMethod(RequestMappingHandlerAdapter.java:888)
	at org.springframework.web.servlet.mvc.method.annotation.RequestMappingHandlerAdapter.handleInternal(RequestMappingHandlerAdapter.java:793)
	at org.springframework.web.servlet.mvc.method.AbstractHandlerMethodAdapter.handle(AbstractHandlerMethodAdapter.java:87)
	at org.springframework.web.servlet.DispatcherServlet.doDispatch(DispatcherServlet.java:1040)
	at org.springframework.web.servlet.DispatcherServlet.doService(DispatcherServlet.java:943)
	at org.springframework.web.servlet.FrameworkServlet.processRequest(FrameworkServlet.java:1006)
	at org.springframework.web.servlet.FrameworkServlet.doPost(FrameworkServlet.java:909)
	at javax.servlet.http.HttpServlet.service(HttpServlet.java:660)
	at org.springframework.web.servlet.FrameworkServlet.service(FrameworkServlet.java:883)
	at javax.servlet.http.HttpServlet.service(HttpServlet.java:741)
	at org.apache.catalina.core.ApplicationFilterChain.internalDoFilter(ApplicationFilterChain.java:231)
	at org.apache.catalina.core.ApplicationFilterChain.doFilter(ApplicationFilterChain.java:166)
	at org.apache.tomcat.websocket.server.WsFilter.doFilter(WsFilter.java:53)
	at org.apache.catalina.core.ApplicationFilterChain.internalDoFilter(ApplicationFilterChain.java:193)
	at org.apache.catalina.core.ApplicationFilterChain.doFilter(ApplicationFilterChain.java:166)
	at org.springframework.web.filter.RequestContextFilter.doFilterInternal(RequestContextFilter.java:100)
	at org.springframework.web.filter.OncePerRequestFilter.doFilter(OncePerRequestFilter.java:119)
	at org.apache.catalina.core.ApplicationFilterChain.internalDoFilter(ApplicationFilterChain.java:193)
	at org.apache.catalina.core.ApplicationFilterChain.doFilter(ApplicationFilterChain.java:166)
	at org.springframework.web.filter.FormContentFilter.doFilterInternal(FormContentFilter.java:93)
	at org.springframework.web.filter.OncePerRequestFilter.doFilter(OncePerRequestFilter.java:119)
	at org.apache.catalina.core.ApplicationFilterChain.internalDoFilter(ApplicationFilterChain.java:193)
	at org.apache.catalina.core.ApplicationFilterChain.doFilter(ApplicationFilterChain.java:166)
	at org.springframework.web.filter.CharacterEncodingFilter.doFilterInternal(CharacterEncodingFilter.java:201)
	at org.springframework.web.filter.OncePerRequestFilter.doFilter(OncePerRequestFilter.java:119)
	at org.apache.catalina.core.ApplicationFilterChain.internalDoFilter(ApplicationFilterChain.java:193)
	at org.apache.catalina.core.ApplicationFilterChain.doFilter(ApplicationFilterChain.java:166)
	at org.apache.catalina.core.StandardWrapperValve.invoke(StandardWrapperValve.java:202)
	at org.apache.catalina.core.StandardContextValve.invoke(StandardContextValve.java:96)
	at org.apache.catalina.authenticator.AuthenticatorBase.invoke(AuthenticatorBase.java:526)
	at org.apache.catalina.core.StandardHostValve.invoke(StandardHostValve.java:139)
	at org.apache.catalina.valves.ErrorReportValve.invoke(ErrorReportValve.java:92)
	at org.apache.catalina.core.StandardEngineValve.invoke(StandardEngineValve.java:74)
	at org.apache.catalina.connector.CoyoteAdapter.service(CoyoteAdapter.java:343)
	at org.apache.coyote.http11.Http11Processor.service(Http11Processor.java:408)
	at org.apache.coyote.AbstractProcessorLight.process(AbstractProcessorLight.java:66)
	at org.apache.coyote.AbstractProtocol$ConnectionHandler.process(AbstractProtocol.java:861)
	at org.apache.tomcat.util.net.NioEndpoint$SocketProcessor.doRun(NioEndpoint.java:1579)
	at org.apache.tomcat.util.net.SocketProcessorBase.run(SocketProcessorBase.java:49)
	at java.base/java.util.concurrent.ThreadPoolExecutor.runWorker(ThreadPoolExecutor.java:1128)
	at java.base/java.util.concurrent.ThreadPoolExecutor$Worker.run(ThreadPoolExecutor.java:628)
	at org.apache.tomcat.util.threads.TaskThread$WrappingRunnable.run(TaskThread.java:61)
	at java.base/java.lang.Thread.run(Thread.java:835)
Caused by: java.io.IOException: CreateProcess error=2, 系统找不到指定的文件。
	at java.base/java.lang.ProcessImpl.create(Native Method)
	at java.base/java.lang.ProcessImpl.<init>(ProcessImpl.java:420)
	at java.base/java.lang.ProcessImpl.start(ProcessImpl.java:151)
	at java.base/java.lang.ProcessBuilder.start(ProcessBuilder.java:1107)
	... 52 common frames omitted
15:41:08.938 center-sky [restartedMain] INFO  com.example.sky.SkyApplication - Starting SkyApplication on c-pc with PID 24280 (C:\Users\C\Desktop\sky-master\target\classes started by C in C:\Users\C\Desktop\sky-master)
15:41:08.944 center-sky [restartedMain] INFO  com.example.sky.SkyApplication - No active profile set, falling back to default profiles: default
15:41:09.063 center-sky [restartedMain] INFO  o.s.b.d.e.DevToolsPropertyDefaultsPostProcessor - Devtools property defaults active! Set 'spring.devtools.add-properties' to 'false' to disable
15:41:09.064 center-sky [restartedMain] INFO  o.s.b.d.e.DevToolsPropertyDefaultsPostProcessor - For additional web related logging consider setting the 'logging.level.web' property to 'DEBUG'
15:41:10.757 center-sky [restartedMain] INFO  o.s.b.w.e.tomcat.TomcatWebServer - Tomcat initialized with port(s): 28081 (http)
15:41:10.773 center-sky [restartedMain] INFO  o.a.coyote.http11.Http11NioProtocol - Initializing ProtocolHandler ["http-nio-28081"]
15:41:10.774 center-sky [restartedMain] INFO  o.a.catalina.core.StandardService - Starting service [Tomcat]
15:41:10.776 center-sky [restartedMain] INFO  o.a.catalina.core.StandardEngine - Starting Servlet engine: [Apache Tomcat/9.0.27]
15:41:10.948 center-sky [restartedMain] INFO  o.a.c.c.C.[Tomcat].[localhost].[/] - Initializing Spring embedded WebApplicationContext
15:41:10.948 center-sky [restartedMain] INFO  o.s.web.context.ContextLoader - Root WebApplicationContext: initialization completed in 1884 ms
15:41:11.555 center-sky [restartedMain] INFO  o.s.s.c.ThreadPoolTaskExecutor - Initializing ExecutorService 'applicationTaskExecutor'
15:41:11.863 center-sky [restartedMain] INFO  o.s.b.d.a.OptionalLiveReloadServer - LiveReload server is running on port 35729
15:41:11.900 center-sky [restartedMain] INFO  o.a.coyote.http11.Http11NioProtocol - Starting ProtocolHandler ["http-nio-28081"]
15:41:11.936 center-sky [restartedMain] INFO  o.s.b.w.e.tomcat.TomcatWebServer - Tomcat started on port(s): 28081 (http) with context path ''
15:41:11.942 center-sky [restartedMain] INFO  com.example.sky.SkyApplication - Started SkyApplication in 4.794 seconds (JVM running for 7.724)
15:41:18.486 center-sky [http-nio-28081-exec-1] INFO  o.a.c.c.C.[Tomcat].[localhost].[/] - Initializing Spring DispatcherServlet 'dispatcherServlet'
15:41:18.488 center-sky [http-nio-28081-exec-1] INFO  o.s.web.servlet.DispatcherServlet - Initializing Servlet 'dispatcherServlet'
15:41:18.502 center-sky [http-nio-28081-exec-1] INFO  o.s.web.servlet.DispatcherServlet - Completed initialization in 14 ms
15:41:18.868 center-sky [http-nio-28081-exec-1] INFO  c.e.s.c.AlarmController_weixin - alarmMessage:[AlarmMessageDto(scopeId=1, scope=SERVICE, name=serviceA, ruleName=service_resp_time_rule, id0=ejdjdfifi, id1=0, alarmMessage=alarmMessage xxxx, startTime=1560524171000), AlarmMessageDto(scopeId=1, scope=SERVICE, name=serviceB, ruleName=service_resp_time_rule, id0=ejdewewjdfifi, id1=0, alarmMessage=alarmMessage yyy, startTime=1560524171000)]
15:41:18.887 center-sky [http-nio-28081-exec-1] ERROR o.a.c.c.C.[.[.[.[dispatcherServlet] - Servlet.service() for servlet [dispatcherServlet] in context with path [] threw exception
java.io.IOException: Cannot run program "curl 'https://qyapi.weixin.qq.com/cgi-bin/webhook/send?key=d51ce794-4ec7-44b8-aef2-4e28b4703b' ": CreateProcess error=2, 系统找不到指定的文件。
	at java.base/java.lang.ProcessBuilder.start(ProcessBuilder.java:1128)
	at java.base/java.lang.ProcessBuilder.start(ProcessBuilder.java:1071)
	at com.example.sky.controller.AlarmController_weixin.alarm(AlarmController_weixin.java:67)
	at java.base/jdk.internal.reflect.NativeMethodAccessorImpl.invoke0(Native Method)
	at java.base/jdk.internal.reflect.NativeMethodAccessorImpl.invoke(NativeMethodAccessorImpl.java:62)
	at java.base/jdk.internal.reflect.DelegatingMethodAccessorImpl.invoke(DelegatingMethodAccessorImpl.java:43)
	at java.base/java.lang.reflect.Method.invoke(Method.java:567)
	at org.springframework.web.method.support.InvocableHandlerMethod.doInvoke(InvocableHandlerMethod.java:190)
	at org.springframework.web.method.support.InvocableHandlerMethod.invokeForRequest(InvocableHandlerMethod.java:138)
	at org.springframework.web.servlet.mvc.method.annotation.ServletInvocableHandlerMethod.invokeAndHandle(ServletInvocableHandlerMethod.java:106)
	at org.springframework.web.servlet.mvc.method.annotation.RequestMappingHandlerAdapter.invokeHandlerMethod(RequestMappingHandlerAdapter.java:888)
	at org.springframework.web.servlet.mvc.method.annotation.RequestMappingHandlerAdapter.handleInternal(RequestMappingHandlerAdapter.java:793)
	at org.springframework.web.servlet.mvc.method.AbstractHandlerMethodAdapter.handle(AbstractHandlerMethodAdapter.java:87)
	at org.springframework.web.servlet.DispatcherServlet.doDispatch(DispatcherServlet.java:1040)
	at org.springframework.web.servlet.DispatcherServlet.doService(DispatcherServlet.java:943)
	at org.springframework.web.servlet.FrameworkServlet.processRequest(FrameworkServlet.java:1006)
	at org.springframework.web.servlet.FrameworkServlet.doPost(FrameworkServlet.java:909)
	at javax.servlet.http.HttpServlet.service(HttpServlet.java:660)
	at org.springframework.web.servlet.FrameworkServlet.service(FrameworkServlet.java:883)
	at javax.servlet.http.HttpServlet.service(HttpServlet.java:741)
	at org.apache.catalina.core.ApplicationFilterChain.internalDoFilter(ApplicationFilterChain.java:231)
	at org.apache.catalina.core.ApplicationFilterChain.doFilter(ApplicationFilterChain.java:166)
	at org.apache.tomcat.websocket.server.WsFilter.doFilter(WsFilter.java:53)
	at org.apache.catalina.core.ApplicationFilterChain.internalDoFilter(ApplicationFilterChain.java:193)
	at org.apache.catalina.core.ApplicationFilterChain.doFilter(ApplicationFilterChain.java:166)
	at org.springframework.web.filter.RequestContextFilter.doFilterInternal(RequestContextFilter.java:100)
	at org.springframework.web.filter.OncePerRequestFilter.doFilter(OncePerRequestFilter.java:119)
	at org.apache.catalina.core.ApplicationFilterChain.internalDoFilter(ApplicationFilterChain.java:193)
	at org.apache.catalina.core.ApplicationFilterChain.doFilter(ApplicationFilterChain.java:166)
	at org.springframework.web.filter.FormContentFilter.doFilterInternal(FormContentFilter.java:93)
	at org.springframework.web.filter.OncePerRequestFilter.doFilter(OncePerRequestFilter.java:119)
	at org.apache.catalina.core.ApplicationFilterChain.internalDoFilter(ApplicationFilterChain.java:193)
	at org.apache.catalina.core.ApplicationFilterChain.doFilter(ApplicationFilterChain.java:166)
	at org.springframework.web.filter.CharacterEncodingFilter.doFilterInternal(CharacterEncodingFilter.java:201)
	at org.springframework.web.filter.OncePerRequestFilter.doFilter(OncePerRequestFilter.java:119)
	at org.apache.catalina.core.ApplicationFilterChain.internalDoFilter(ApplicationFilterChain.java:193)
	at org.apache.catalina.core.ApplicationFilterChain.doFilter(ApplicationFilterChain.java:166)
	at org.apache.catalina.core.StandardWrapperValve.invoke(StandardWrapperValve.java:202)
	at org.apache.catalina.core.StandardContextValve.invoke(StandardContextValve.java:96)
	at org.apache.catalina.authenticator.AuthenticatorBase.invoke(AuthenticatorBase.java:526)
	at org.apache.catalina.core.StandardHostValve.invoke(StandardHostValve.java:139)
	at org.apache.catalina.valves.ErrorReportValve.invoke(ErrorReportValve.java:92)
	at org.apache.catalina.core.StandardEngineValve.invoke(StandardEngineValve.java:74)
	at org.apache.catalina.connector.CoyoteAdapter.service(CoyoteAdapter.java:343)
	at org.apache.coyote.http11.Http11Processor.service(Http11Processor.java:408)
	at org.apache.coyote.AbstractProcessorLight.process(AbstractProcessorLight.java:66)
	at org.apache.coyote.AbstractProtocol$ConnectionHandler.process(AbstractProtocol.java:861)
	at org.apache.tomcat.util.net.NioEndpoint$SocketProcessor.doRun(NioEndpoint.java:1579)
	at org.apache.tomcat.util.net.SocketProcessorBase.run(SocketProcessorBase.java:49)
	at java.base/java.util.concurrent.ThreadPoolExecutor.runWorker(ThreadPoolExecutor.java:1128)
	at java.base/java.util.concurrent.ThreadPoolExecutor$Worker.run(ThreadPoolExecutor.java:628)
	at org.apache.tomcat.util.threads.TaskThread$WrappingRunnable.run(TaskThread.java:61)
	at java.base/java.lang.Thread.run(Thread.java:835)
Caused by: java.io.IOException: CreateProcess error=2, 系统找不到指定的文件。
	at java.base/java.lang.ProcessImpl.create(Native Method)
	at java.base/java.lang.ProcessImpl.<init>(ProcessImpl.java:420)
	at java.base/java.lang.ProcessImpl.start(ProcessImpl.java:151)
	at java.base/java.lang.ProcessBuilder.start(ProcessBuilder.java:1107)
	... 52 common frames omitted
16:03:52.736 center-sky [http-nio-28081-exec-2] INFO  c.e.sky.controller.AlarmController - alarmMessage:[AlarmMessageDto(scopeId=1, scope=SERVICE, name=serviceA, ruleName=service_resp_time_rule, id0=ejdjdfifi, id1=0, alarmMessage=alarmMessage xxxx, startTime=1560524171000), AlarmMessageDto(scopeId=1, scope=SERVICE, name=serviceB, ruleName=service_resp_time_rule, id0=ejdewewjdfifi, id1=0, alarmMessage=alarmMessage yyy, startTime=1560524171000)]
16:04:00.914 center-sky [http-nio-28081-exec-3] INFO  c.e.sky.controller.AlarmController - alarmMessage:[AlarmMessageDto(scopeId=1, scope=SERVICE, name=serviceA, ruleName=service_resp_time_rule, id0=ejdjdfifi, id1=0, alarmMessage=alarmMessage xxxx, startTime=1560524171000), AlarmMessageDto(scopeId=1, scope=SERVICE, name=serviceB, ruleName=service_resp_time_rule, id0=ejdewewjdfifi, id1=0, alarmMessage=alarmMessage yyy, startTime=1560524171000)]
16:12:28.016 center-sky [restartedMain] INFO  com.example.sky.SkyApplication - Starting SkyApplication on c-pc with PID 17736 (C:\Users\C\Desktop\sky-master\target\classes started by C in C:\Users\C\Desktop\sky-master)
16:12:28.020 center-sky [restartedMain] INFO  com.example.sky.SkyApplication - No active profile set, falling back to default profiles: default
16:12:28.292 center-sky [restartedMain] INFO  o.s.b.d.e.DevToolsPropertyDefaultsPostProcessor - Devtools property defaults active! Set 'spring.devtools.add-properties' to 'false' to disable
16:12:28.292 center-sky [restartedMain] INFO  o.s.b.d.e.DevToolsPropertyDefaultsPostProcessor - For additional web related logging consider setting the 'logging.level.web' property to 'DEBUG'
16:12:31.856 center-sky [restartedMain] INFO  o.s.b.w.e.tomcat.TomcatWebServer - Tomcat initialized with port(s): 28081 (http)
16:12:31.869 center-sky [restartedMain] INFO  o.a.coyote.http11.Http11NioProtocol - Initializing ProtocolHandler ["http-nio-28081"]
16:12:31.871 center-sky [restartedMain] INFO  o.a.catalina.core.StandardService - Starting service [Tomcat]
16:12:31.872 center-sky [restartedMain] INFO  o.a.catalina.core.StandardEngine - Starting Servlet engine: [Apache Tomcat/9.0.27]
16:12:32.098 center-sky [restartedMain] INFO  o.a.c.c.C.[Tomcat].[localhost].[/] - Initializing Spring embedded WebApplicationContext
16:12:32.099 center-sky [restartedMain] INFO  o.s.web.context.ContextLoader - Root WebApplicationContext: initialization completed in 3807 ms
16:12:32.751 center-sky [restartedMain] INFO  o.s.s.c.ThreadPoolTaskExecutor - Initializing ExecutorService 'applicationTaskExecutor'
16:12:33.220 center-sky [restartedMain] INFO  o.s.b.d.a.OptionalLiveReloadServer - LiveReload server is running on port 35729
16:12:33.281 center-sky [restartedMain] INFO  o.a.coyote.http11.Http11NioProtocol - Starting ProtocolHandler ["http-nio-28081"]
16:12:33.333 center-sky [restartedMain] INFO  o.s.b.w.e.tomcat.TomcatWebServer - Tomcat started on port(s): 28081 (http) with context path ''
16:12:33.343 center-sky [restartedMain] INFO  com.example.sky.SkyApplication - Started SkyApplication in 6.681 seconds (JVM running for 9.979)
16:12:58.807 center-sky [http-nio-28081-exec-1] INFO  o.a.c.c.C.[Tomcat].[localhost].[/] - Initializing Spring DispatcherServlet 'dispatcherServlet'
16:12:58.808 center-sky [http-nio-28081-exec-1] INFO  o.s.web.servlet.DispatcherServlet - Initializing Servlet 'dispatcherServlet'
16:12:58.869 center-sky [http-nio-28081-exec-1] INFO  o.s.web.servlet.DispatcherServlet - Completed initialization in 61 ms
16:12:59.282 center-sky [http-nio-28081-exec-1] INFO  c.e.sky.controller.AlarmController - alarmMessage:[AlarmMessageDto(scopeId=1, scope=SERVICE, name=serviceA, ruleName=service_resp_time_rule, id0=ejdjdfifi, id1=0, alarmMessage=alarmMessage xxxx, startTime=1560524171000), AlarmMessageDto(scopeId=1, scope=SERVICE, name=serviceB, ruleName=service_resp_time_rule, id0=ejdewewjdfifi, id1=0, alarmMessage=alarmMessage yyy, startTime=1560524171000)]
16:18:18.722 center-sky [restartedMain] INFO  com.example.sky.SkyApplication - Starting SkyApplication on c-pc with PID 22144 (C:\Users\C\Desktop\sky-master\target\classes started by C in C:\Users\C\Desktop\sky-master)
16:18:18.798 center-sky [restartedMain] INFO  com.example.sky.SkyApplication - No active profile set, falling back to default profiles: default
16:18:18.915 center-sky [restartedMain] INFO  o.s.b.d.e.DevToolsPropertyDefaultsPostProcessor - Devtools property defaults active! Set 'spring.devtools.add-properties' to 'false' to disable
16:18:18.916 center-sky [restartedMain] INFO  o.s.b.d.e.DevToolsPropertyDefaultsPostProcessor - For additional web related logging consider setting the 'logging.level.web' property to 'DEBUG'
16:18:21.258 center-sky [restartedMain] INFO  o.s.b.w.e.tomcat.TomcatWebServer - Tomcat initialized with port(s): 28081 (http)
16:18:21.273 center-sky [restartedMain] INFO  o.a.coyote.http11.Http11NioProtocol - Initializing ProtocolHandler ["http-nio-28081"]
16:18:21.273 center-sky [restartedMain] INFO  o.a.catalina.core.StandardService - Starting service [Tomcat]
16:18:21.274 center-sky [restartedMain] INFO  o.a.catalina.core.StandardEngine - Starting Servlet engine: [Apache Tomcat/9.0.27]
16:18:21.441 center-sky [restartedMain] INFO  o.a.c.c.C.[Tomcat].[localhost].[/] - Initializing Spring embedded WebApplicationContext
16:18:21.442 center-sky [restartedMain] INFO  o.s.web.context.ContextLoader - Root WebApplicationContext: initialization completed in 2525 ms
16:18:21.771 center-sky [restartedMain] INFO  o.s.s.c.ThreadPoolTaskExecutor - Initializing ExecutorService 'applicationTaskExecutor'
16:18:22.216 center-sky [restartedMain] INFO  o.s.b.d.a.OptionalLiveReloadServer - LiveReload server is running on port 35729
16:18:22.256 center-sky [restartedMain] INFO  o.a.coyote.http11.Http11NioProtocol - Starting ProtocolHandler ["http-nio-28081"]
16:18:22.288 center-sky [restartedMain] INFO  o.s.b.w.e.tomcat.TomcatWebServer - Tomcat started on port(s): 28081 (http) with context path ''
16:18:22.296 center-sky [restartedMain] INFO  com.example.sky.SkyApplication - Started SkyApplication in 4.681 seconds (JVM running for 8.424)
16:18:36.432 center-sky [http-nio-28081-exec-1] INFO  o.a.c.c.C.[Tomcat].[localhost].[/] - Initializing Spring DispatcherServlet 'dispatcherServlet'
16:18:36.433 center-sky [http-nio-28081-exec-1] INFO  o.s.web.servlet.DispatcherServlet - Initializing Servlet 'dispatcherServlet'
16:18:36.478 center-sky [http-nio-28081-exec-1] INFO  o.s.web.servlet.DispatcherServlet - Completed initialization in 43 ms
16:18:36.824 center-sky [http-nio-28081-exec-1] INFO  c.e.sky.controller.AlarmController - alarmMessage:[AlarmMessageDto(scopeId=1, scope=SERVICE, name=serviceA, ruleName=service_resp_time_rule, id0=ejdjdfifi, id1=0, alarmMessage=alarmMessage xxxx, startTime=1560524171000), AlarmMessageDto(scopeId=1, scope=SERVICE, name=serviceB, ruleName=service_resp_time_rule, id0=ejdewewjdfifi, id1=0, alarmMessage=alarmMessage yyy, startTime=1560524171000)]
16:19:19.362 center-sky [http-nio-28081-exec-3] INFO  c.e.sky.controller.AlarmController - alarmMessage:[AlarmMessageDto(scopeId=1, scope=SERVICE, name=serviceA, ruleName=service_resp_time_rule, id0=ejdjdfifi, id1=0, alarmMessage=alarmMessage xxxx, startTime=1560524171000), AlarmMessageDto(scopeId=1, scope=SERVICE, name=serviceB, ruleName=service_resp_time_rule, id0=ejdewewjdfifi, id1=0, alarmMessage=alarmMessage yyy, startTime=1560524171000)]
16:22:58.604 center-sky [restartedMain] INFO  com.example.sky.SkyApplication - Starting SkyApplication on c-pc with PID 20680 (C:\Users\C\Desktop\sky-master\target\classes started by C in C:\Users\C\Desktop\sky-master)
16:22:58.619 center-sky [restartedMain] INFO  com.example.sky.SkyApplication - No active profile set, falling back to default profiles: default
16:22:58.713 center-sky [restartedMain] INFO  o.s.b.d.e.DevToolsPropertyDefaultsPostProcessor - Devtools property defaults active! Set 'spring.devtools.add-properties' to 'false' to disable
16:22:58.714 center-sky [restartedMain] INFO  o.s.b.d.e.DevToolsPropertyDefaultsPostProcessor - For additional web related logging consider setting the 'logging.level.web' property to 'DEBUG'
16:23:01.391 center-sky [restartedMain] INFO  o.s.b.w.e.tomcat.TomcatWebServer - Tomcat initialized with port(s): 28081 (http)
16:23:01.429 center-sky [restartedMain] INFO  o.a.coyote.http11.Http11NioProtocol - Initializing ProtocolHandler ["http-nio-28081"]
16:23:01.429 center-sky [restartedMain] INFO  o.a.catalina.core.StandardService - Starting service [Tomcat]
16:23:01.430 center-sky [restartedMain] INFO  o.a.catalina.core.StandardEngine - Starting Servlet engine: [Apache Tomcat/9.0.27]
16:23:01.721 center-sky [restartedMain] INFO  o.a.c.c.C.[Tomcat].[localhost].[/] - Initializing Spring embedded WebApplicationContext
16:23:01.722 center-sky [restartedMain] INFO  o.s.web.context.ContextLoader - Root WebApplicationContext: initialization completed in 3008 ms
16:23:02.090 center-sky [restartedMain] INFO  o.s.s.c.ThreadPoolTaskExecutor - Initializing ExecutorService 'applicationTaskExecutor'
16:23:02.603 center-sky [restartedMain] INFO  o.s.b.d.a.OptionalLiveReloadServer - LiveReload server is running on port 35729
16:23:02.637 center-sky [restartedMain] INFO  o.a.coyote.http11.Http11NioProtocol - Starting ProtocolHandler ["http-nio-28081"]
16:23:02.680 center-sky [restartedMain] INFO  o.s.b.w.e.tomcat.TomcatWebServer - Tomcat started on port(s): 28081 (http) with context path ''
16:23:02.686 center-sky [restartedMain] INFO  com.example.sky.SkyApplication - Started SkyApplication in 11.173 seconds (JVM running for 14.208)
16:23:07.373 center-sky [http-nio-28081-exec-1] INFO  o.a.c.c.C.[Tomcat].[localhost].[/] - Initializing Spring DispatcherServlet 'dispatcherServlet'
16:23:07.374 center-sky [http-nio-28081-exec-1] INFO  o.s.web.servlet.DispatcherServlet - Initializing Servlet 'dispatcherServlet'
16:23:07.432 center-sky [http-nio-28081-exec-1] INFO  o.s.web.servlet.DispatcherServlet - Completed initialization in 58 ms
16:23:08.103 center-sky [http-nio-28081-exec-1] INFO  c.e.sky.controller.AlarmController - alarmMessage:[AlarmMessageDto(scopeId=1, scope=SERVICE, name=serviceA, ruleName=service_resp_time_rule, id0=ejdjdfifi, id1=0, alarmMessage=alarmMessage xxxx, startTime=1560524171000), AlarmMessageDto(scopeId=1, scope=SERVICE, name=serviceB, ruleName=service_resp_time_rule, id0=ejdewewjdfifi, id1=0, alarmMessage=alarmMessage yyy, startTime=1560524171000)]
16:54:42.987 center-sky [restartedMain] INFO  com.example.sky.SkyApplication - Starting SkyApplication on c-pc with PID 30700 (C:\Users\C\Desktop\sky-master\target\classes started by C in C:\Users\C\Desktop\sky-master)
16:54:42.990 center-sky [restartedMain] INFO  com.example.sky.SkyApplication - No active profile set, falling back to default profiles: default
16:54:43.076 center-sky [restartedMain] INFO  o.s.b.d.e.DevToolsPropertyDefaultsPostProcessor - Devtools property defaults active! Set 'spring.devtools.add-properties' to 'false' to disable
16:54:43.077 center-sky [restartedMain] INFO  o.s.b.d.e.DevToolsPropertyDefaultsPostProcessor - For additional web related logging consider setting the 'logging.level.web' property to 'DEBUG'
16:54:44.990 center-sky [restartedMain] INFO  o.s.b.w.e.tomcat.TomcatWebServer - Tomcat initialized with port(s): 28081 (http)
16:54:45.006 center-sky [restartedMain] INFO  o.a.coyote.http11.Http11NioProtocol - Initializing ProtocolHandler ["http-nio-28081"]
16:54:45.007 center-sky [restartedMain] INFO  o.a.catalina.core.StandardService - Starting service [Tomcat]
16:54:45.008 center-sky [restartedMain] INFO  o.a.catalina.core.StandardEngine - Starting Servlet engine: [Apache Tomcat/9.0.27]
16:54:45.210 center-sky [restartedMain] INFO  o.a.c.c.C.[Tomcat].[localhost].[/] - Initializing Spring embedded WebApplicationContext
16:54:45.211 center-sky [restartedMain] INFO  o.s.web.context.ContextLoader - Root WebApplicationContext: initialization completed in 2134 ms
16:54:45.563 center-sky [restartedMain] INFO  o.s.s.c.ThreadPoolTaskExecutor - Initializing ExecutorService 'applicationTaskExecutor'
16:54:45.862 center-sky [restartedMain] INFO  o.s.b.d.a.OptionalLiveReloadServer - LiveReload server is running on port 35729
16:54:45.895 center-sky [restartedMain] INFO  o.a.coyote.http11.Http11NioProtocol - Starting ProtocolHandler ["http-nio-28081"]
16:54:45.928 center-sky [restartedMain] INFO  o.s.b.w.e.tomcat.TomcatWebServer - Tomcat started on port(s): 28081 (http) with context path ''
16:54:45.935 center-sky [restartedMain] INFO  com.example.sky.SkyApplication - Started SkyApplication in 4.646 seconds (JVM running for 7.951)
16:54:49.126 center-sky [http-nio-28081-exec-1] INFO  o.a.c.c.C.[Tomcat].[localhost].[/] - Initializing Spring DispatcherServlet 'dispatcherServlet'
16:54:49.126 center-sky [http-nio-28081-exec-1] INFO  o.s.web.servlet.DispatcherServlet - Initializing Servlet 'dispatcherServlet'
16:54:49.140 center-sky [http-nio-28081-exec-1] INFO  o.s.web.servlet.DispatcherServlet - Completed initialization in 13 ms
16:54:49.512 center-sky [http-nio-28081-exec-1] INFO  c.e.sky.controller.AlarmController - alarmMessage:[AlarmMessageDto(scopeId=1, scope=SERVICE, name=serviceA, ruleName=service_resp_time_rule, id0=ejdjdfifi, id1=0, alarmMessage=alarmMessage xxxx, startTime=1560524171000), AlarmMessageDto(scopeId=1, scope=SERVICE, name=serviceB, ruleName=service_resp_time_rule, id0=ejdewewjdfifi, id1=0, alarmMessage=alarmMessage yyy, startTime=1560524171000)]
16:57:48.902 center-sky [main] INFO  com.example.sky.SkyApplicationTests - Starting SkyApplicationTests on c-pc with PID 17016 (started by C in C:\Users\C\Desktop\sky-master)
16:57:48.908 center-sky [main] INFO  com.example.sky.SkyApplicationTests - No active profile set, falling back to default profiles: default
16:57:52.550 center-sky [main] INFO  o.s.s.c.ThreadPoolTaskExecutor - Initializing ExecutorService 'applicationTaskExecutor'
16:57:53.413 center-sky [main] INFO  com.example.sky.SkyApplicationTests - Started SkyApplicationTests in 6.416 seconds (JVM running for 9.483)
16:57:55.037 center-sky [SpringContextShutdownHook] INFO  o.s.s.c.ThreadPoolTaskExecutor - Shutting down ExecutorService 'applicationTaskExecutor'
17:26:57.174 center-sky [main] INFO  com.example.sky.SkyApplicationTests - Starting SkyApplicationTests on c-pc with PID 15908 (started by C in C:\Users\C\Desktop\sky-master)
17:26:57.182 center-sky [main] INFO  com.example.sky.SkyApplicationTests - No active profile set, falling back to default profiles: default
17:27:01.496 center-sky [main] INFO  o.s.s.c.ThreadPoolTaskExecutor - Initializing ExecutorService 'applicationTaskExecutor'
17:27:02.170 center-sky [main] INFO  com.example.sky.SkyApplicationTests - Started SkyApplicationTests in 6.322 seconds (JVM running for 9.224)
17:27:03.353 center-sky [SpringContextShutdownHook] INFO  o.s.s.c.ThreadPoolTaskExecutor - Shutting down ExecutorService 'applicationTaskExecutor'
17:30:32.385 center-sky [main] INFO  com.example.sky.SkyApplicationTests - Starting SkyApplicationTests on c-pc with PID 25872 (started by C in C:\Users\C\Desktop\sky-master)
17:30:32.388 center-sky [main] INFO  com.example.sky.SkyApplicationTests - No active profile set, falling back to default profiles: default
17:30:36.145 center-sky [main] INFO  o.s.s.c.ThreadPoolTaskExecutor - Initializing ExecutorService 'applicationTaskExecutor'
17:30:37.080 center-sky [main] INFO  com.example.sky.SkyApplicationTests - Started SkyApplicationTests in 6.086 seconds (JVM running for 9.101)
17:30:38.262 center-sky [SpringContextShutdownHook] INFO  o.s.s.c.ThreadPoolTaskExecutor - Shutting down ExecutorService 'applicationTaskExecutor'
17:31:07.946 center-sky [restartedMain] INFO  com.example.sky.SkyApplication - Starting SkyApplication on c-pc with PID 28576 (C:\Users\C\Desktop\sky-master\target\classes started by C in C:\Users\C\Desktop\sky-master)
17:31:07.955 center-sky [restartedMain] INFO  com.example.sky.SkyApplication - No active profile set, falling back to default profiles: default
17:31:08.035 center-sky [restartedMain] INFO  o.s.b.d.e.DevToolsPropertyDefaultsPostProcessor - Devtools property defaults active! Set 'spring.devtools.add-properties' to 'false' to disable
17:31:08.036 center-sky [restartedMain] INFO  o.s.b.d.e.DevToolsPropertyDefaultsPostProcessor - For additional web related logging consider setting the 'logging.level.web' property to 'DEBUG'
17:31:10.104 center-sky [restartedMain] INFO  o.s.b.w.e.tomcat.TomcatWebServer - Tomcat initialized with port(s): 28081 (http)
17:31:10.180 center-sky [restartedMain] INFO  o.a.coyote.http11.Http11NioProtocol - Initializing ProtocolHandler ["http-nio-28081"]
17:31:10.182 center-sky [restartedMain] INFO  o.a.catalina.core.StandardService - Starting service [Tomcat]
17:31:10.182 center-sky [restartedMain] INFO  o.a.catalina.core.StandardEngine - Starting Servlet engine: [Apache Tomcat/9.0.27]
17:31:10.529 center-sky [restartedMain] INFO  o.a.c.c.C.[Tomcat].[localhost].[/] - Initializing Spring embedded WebApplicationContext
17:31:10.531 center-sky [restartedMain] INFO  o.s.web.context.ContextLoader - Root WebApplicationContext: initialization completed in 2495 ms
17:31:11.436 center-sky [restartedMain] INFO  o.s.s.c.ThreadPoolTaskExecutor - Initializing ExecutorService 'applicationTaskExecutor'
17:31:11.733 center-sky [restartedMain] INFO  o.s.b.d.a.OptionalLiveReloadServer - LiveReload server is running on port 35729
17:31:11.774 center-sky [restartedMain] INFO  o.a.coyote.http11.Http11NioProtocol - Starting ProtocolHandler ["http-nio-28081"]
17:31:11.810 center-sky [restartedMain] INFO  o.s.b.w.e.tomcat.TomcatWebServer - Tomcat started on port(s): 28081 (http) with context path ''
17:31:11.816 center-sky [restartedMain] INFO  com.example.sky.SkyApplication - Started SkyApplication in 4.802 seconds (JVM running for 7.401)
17:31:33.303 center-sky [http-nio-28081-exec-1] INFO  o.a.c.c.C.[Tomcat].[localhost].[/] - Initializing Spring DispatcherServlet 'dispatcherServlet'
17:31:33.303 center-sky [http-nio-28081-exec-1] INFO  o.s.web.servlet.DispatcherServlet - Initializing Servlet 'dispatcherServlet'
17:31:33.311 center-sky [http-nio-28081-exec-1] INFO  o.s.web.servlet.DispatcherServlet - Completed initialization in 8 ms
17:31:33.564 center-sky [http-nio-28081-exec-1] INFO  c.e.sky.controller.AlarmController - alarmMessage:[AlarmMessageDto(scopeId=1, scope=SERVICE, name=serviceA, ruleName=service_resp_time_rule, id0=ejdjdfifi, id1=0, alarmMessage=alarmMessage xxxx, startTime=1560524171000), AlarmMessageDto(scopeId=1, scope=SERVICE, name=serviceB, ruleName=service_resp_time_rule, id0=ejdewewjdfifi, id1=0, alarmMessage=alarmMessage yyy, startTime=1560524171000)]
17:32:37.262 center-sky [restartedMain] INFO  com.example.sky.SkyApplication - Starting SkyApplication on c-pc with PID 13864 (C:\Users\C\Desktop\sky-master\target\classes started by C in C:\Users\C\Desktop\sky-master)
17:32:37.266 center-sky [restartedMain] INFO  com.example.sky.SkyApplication - No active profile set, falling back to default profiles: default
17:32:37.444 center-sky [restartedMain] INFO  o.s.b.d.e.DevToolsPropertyDefaultsPostProcessor - Devtools property defaults active! Set 'spring.devtools.add-properties' to 'false' to disable
17:32:37.444 center-sky [restartedMain] INFO  o.s.b.d.e.DevToolsPropertyDefaultsPostProcessor - For additional web related logging consider setting the 'logging.level.web' property to 'DEBUG'
17:32:39.356 center-sky [restartedMain] INFO  o.s.b.w.e.tomcat.TomcatWebServer - Tomcat initialized with port(s): 28081 (http)
17:32:39.369 center-sky [restartedMain] INFO  o.a.coyote.http11.Http11NioProtocol - Initializing ProtocolHandler ["http-nio-28081"]
17:32:39.370 center-sky [restartedMain] INFO  o.a.catalina.core.StandardService - Starting service [Tomcat]
17:32:39.372 center-sky [restartedMain] INFO  o.a.catalina.core.StandardEngine - Starting Servlet engine: [Apache Tomcat/9.0.27]
17:32:39.548 center-sky [restartedMain] INFO  o.a.c.c.C.[Tomcat].[localhost].[/] - Initializing Spring embedded WebApplicationContext
17:32:39.549 center-sky [restartedMain] INFO  o.s.web.context.ContextLoader - Root WebApplicationContext: initialization completed in 2104 ms
17:32:39.832 center-sky [restartedMain] INFO  o.s.s.c.ThreadPoolTaskExecutor - Initializing ExecutorService 'applicationTaskExecutor'
17:32:40.307 center-sky [restartedMain] INFO  o.s.b.d.a.OptionalLiveReloadServer - LiveReload server is running on port 35729
17:32:40.349 center-sky [restartedMain] INFO  o.a.coyote.http11.Http11NioProtocol - Starting ProtocolHandler ["http-nio-28081"]
17:32:40.408 center-sky [restartedMain] INFO  o.s.b.w.e.tomcat.TomcatWebServer - Tomcat started on port(s): 28081 (http) with context path ''
17:32:40.421 center-sky [restartedMain] INFO  com.example.sky.SkyApplication - Started SkyApplication in 4.493 seconds (JVM running for 8.012)
17:32:58.653 center-sky [http-nio-28081-exec-1] INFO  o.a.c.c.C.[Tomcat].[localhost].[/] - Initializing Spring DispatcherServlet 'dispatcherServlet'
17:32:58.654 center-sky [http-nio-28081-exec-1] INFO  o.s.web.servlet.DispatcherServlet - Initializing Servlet 'dispatcherServlet'
17:32:58.753 center-sky [http-nio-28081-exec-1] INFO  o.s.web.servlet.DispatcherServlet - Completed initialization in 99 ms
17:32:58.995 center-sky [http-nio-28081-exec-1] INFO  c.e.sky.controller.AlarmController - alarmMessage:[AlarmMessageDto(scopeId=1, scope=SERVICE, name=serviceA, ruleName=service_resp_time_rule, id0=ejdjdfifi, id1=0, alarmMessage=alarmMessage xxxx, startTime=1560524171000), AlarmMessageDto(scopeId=1, scope=SERVICE, name=serviceB, ruleName=service_resp_time_rule, id0=ejdewewjdfifi, id1=0, alarmMessage=alarmMessage yyy, startTime=1560524171000)]
17:36:55.244 center-sky [restartedMain] INFO  com.example.sky.SkyApplication - Starting SkyApplication on c-pc with PID 13912 (C:\Users\C\Desktop\sky-master\target\classes started by C in C:\Users\C\Desktop\sky-master)
17:36:55.257 center-sky [restartedMain] INFO  com.example.sky.SkyApplication - No active profile set, falling back to default profiles: default
17:36:55.426 center-sky [restartedMain] INFO  o.s.b.d.e.DevToolsPropertyDefaultsPostProcessor - Devtools property defaults active! Set 'spring.devtools.add-properties' to 'false' to disable
17:36:55.426 center-sky [restartedMain] INFO  o.s.b.d.e.DevToolsPropertyDefaultsPostProcessor - For additional web related logging consider setting the 'logging.level.web' property to 'DEBUG'
17:36:58.700 center-sky [restartedMain] INFO  o.s.b.w.e.tomcat.TomcatWebServer - Tomcat initialized with port(s): 28081 (http)
17:36:58.713 center-sky [restartedMain] INFO  o.a.coyote.http11.Http11NioProtocol - Initializing ProtocolHandler ["http-nio-28081"]
17:36:58.714 center-sky [restartedMain] INFO  o.a.catalina.core.StandardService - Starting service [Tomcat]
17:36:58.715 center-sky [restartedMain] INFO  o.a.catalina.core.StandardEngine - Starting Servlet engine: [Apache Tomcat/9.0.27]
17:36:58.896 center-sky [restartedMain] INFO  o.a.c.c.C.[Tomcat].[localhost].[/] - Initializing Spring embedded WebApplicationContext
17:36:58.896 center-sky [restartedMain] INFO  o.s.web.context.ContextLoader - Root WebApplicationContext: initialization completed in 3469 ms
17:36:59.258 center-sky [restartedMain] INFO  o.s.s.c.ThreadPoolTaskExecutor - Initializing ExecutorService 'applicationTaskExecutor'
17:36:59.614 center-sky [restartedMain] INFO  o.s.b.d.a.OptionalLiveReloadServer - LiveReload server is running on port 35729
17:36:59.654 center-sky [restartedMain] INFO  o.a.coyote.http11.Http11NioProtocol - Starting ProtocolHandler ["http-nio-28081"]
17:36:59.724 center-sky [restartedMain] INFO  o.s.b.w.e.tomcat.TomcatWebServer - Tomcat started on port(s): 28081 (http) with context path ''
17:36:59.732 center-sky [restartedMain] INFO  com.example.sky.SkyApplication - Started SkyApplication in 5.4 seconds (JVM running for 8.409)
17:37:50.850 center-sky [http-nio-28081-exec-1] INFO  o.a.c.c.C.[Tomcat].[localhost].[/] - Initializing Spring DispatcherServlet 'dispatcherServlet'
17:37:50.851 center-sky [http-nio-28081-exec-1] INFO  o.s.web.servlet.DispatcherServlet - Initializing Servlet 'dispatcherServlet'
17:37:50.982 center-sky [http-nio-28081-exec-1] INFO  o.s.web.servlet.DispatcherServlet - Completed initialization in 131 ms
17:37:51.157 center-sky [http-nio-28081-exec-1] INFO  c.e.sky.controller.AlarmController - alarmMessage:[AlarmMessageDto(scopeId=1, scope=SERVICE, name=serviceA, ruleName=service_resp_time_rule, id0=ejdjdfifi, id1=0, alarmMessage=alarmMessage xxxx, startTime=1560524171000), AlarmMessageDto(scopeId=1, scope=SERVICE, name=serviceB, ruleName=service_resp_time_rule, id0=ejdewewjdfifi, id1=0, alarmMessage=alarmMessage yyy, startTime=1560524171000)]
17:39:36.282 center-sky [restartedMain] INFO  com.example.sky.SkyApplication - Starting SkyApplication on c-pc with PID 22648 (C:\Users\C\Desktop\sky-master\target\classes started by C in C:\Users\C\Desktop\sky-master)
17:39:36.287 center-sky [restartedMain] INFO  com.example.sky.SkyApplication - No active profile set, falling back to default profiles: default
17:39:36.380 center-sky [restartedMain] INFO  o.s.b.d.e.DevToolsPropertyDefaultsPostProcessor - Devtools property defaults active! Set 'spring.devtools.add-properties' to 'false' to disable
17:39:36.380 center-sky [restartedMain] INFO  o.s.b.d.e.DevToolsPropertyDefaultsPostProcessor - For additional web related logging consider setting the 'logging.level.web' property to 'DEBUG'
17:39:39.265 center-sky [restartedMain] INFO  o.s.b.w.e.tomcat.TomcatWebServer - Tomcat initialized with port(s): 28081 (http)
17:39:39.328 center-sky [restartedMain] INFO  o.a.coyote.http11.Http11NioProtocol - Initializing ProtocolHandler ["http-nio-28081"]
17:39:39.329 center-sky [restartedMain] INFO  o.a.catalina.core.StandardService - Starting service [Tomcat]
17:39:39.329 center-sky [restartedMain] INFO  o.a.catalina.core.StandardEngine - Starting Servlet engine: [Apache Tomcat/9.0.27]
17:39:39.511 center-sky [restartedMain] INFO  o.a.c.c.C.[Tomcat].[localhost].[/] - Initializing Spring embedded WebApplicationContext
17:39:39.511 center-sky [restartedMain] INFO  o.s.web.context.ContextLoader - Root WebApplicationContext: initialization completed in 3130 ms
17:39:39.782 center-sky [restartedMain] INFO  o.s.s.c.ThreadPoolTaskExecutor - Initializing ExecutorService 'applicationTaskExecutor'
17:39:40.105 center-sky [restartedMain] INFO  o.s.b.d.a.OptionalLiveReloadServer - LiveReload server is running on port 35729
17:39:40.171 center-sky [restartedMain] INFO  o.a.coyote.http11.Http11NioProtocol - Starting ProtocolHandler ["http-nio-28081"]
17:39:40.211 center-sky [restartedMain] INFO  o.s.b.w.e.tomcat.TomcatWebServer - Tomcat started on port(s): 28081 (http) with context path ''
17:39:40.218 center-sky [restartedMain] INFO  com.example.sky.SkyApplication - Started SkyApplication in 4.973 seconds (JVM running for 7.694)
17:39:54.943 center-sky [http-nio-28081-exec-1] INFO  o.a.c.c.C.[Tomcat].[localhost].[/] - Initializing Spring DispatcherServlet 'dispatcherServlet'
17:39:54.943 center-sky [http-nio-28081-exec-1] INFO  o.s.web.servlet.DispatcherServlet - Initializing Servlet 'dispatcherServlet'
17:39:54.955 center-sky [http-nio-28081-exec-1] INFO  o.s.web.servlet.DispatcherServlet - Completed initialization in 12 ms
17:39:55.234 center-sky [http-nio-28081-exec-1] INFO  c.e.sky.controller.AlarmController - alarmMessage:[AlarmMessageDto(scopeId=1, scope=SERVICE, name=serviceA, ruleName=service_resp_time_rule, id0=ejdjdfifi, id1=0, alarmMessage=alarmMessage xxxx, startTime=1560524171000), AlarmMessageDto(scopeId=1, scope=SERVICE, name=serviceB, ruleName=service_resp_time_rule, id0=ejdewewjdfifi, id1=0, alarmMessage=alarmMessage yyy, startTime=1560524171000)]
17:44:12.928 center-sky [restartedMain] INFO  com.example.sky.SkyApplication - Starting SkyApplication on c-pc with PID 22644 (C:\Users\C\Desktop\sky-master\target\classes started by C in C:\Users\C\Desktop\sky-master)
17:44:12.932 center-sky [restartedMain] INFO  com.example.sky.SkyApplication - No active profile set, falling back to default profiles: default
17:44:12.999 center-sky [restartedMain] INFO  o.s.b.d.e.DevToolsPropertyDefaultsPostProcessor - Devtools property defaults active! Set 'spring.devtools.add-properties' to 'false' to disable
17:44:12.999 center-sky [restartedMain] INFO  o.s.b.d.e.DevToolsPropertyDefaultsPostProcessor - For additional web related logging consider setting the 'logging.level.web' property to 'DEBUG'
17:44:15.024 center-sky [restartedMain] INFO  o.s.b.w.e.tomcat.TomcatWebServer - Tomcat initialized with port(s): 28081 (http)
17:44:15.042 center-sky [restartedMain] INFO  o.a.coyote.http11.Http11NioProtocol - Initializing ProtocolHandler ["http-nio-28081"]
17:44:15.043 center-sky [restartedMain] INFO  o.a.catalina.core.StandardService - Starting service [Tomcat]
17:44:15.044 center-sky [restartedMain] INFO  o.a.catalina.core.StandardEngine - Starting Servlet engine: [Apache Tomcat/9.0.27]
17:44:15.220 center-sky [restartedMain] INFO  o.a.c.c.C.[Tomcat].[localhost].[/] - Initializing Spring embedded WebApplicationContext
17:44:15.221 center-sky [restartedMain] INFO  o.s.web.context.ContextLoader - Root WebApplicationContext: initialization completed in 2222 ms
17:44:15.599 center-sky [restartedMain] INFO  o.s.s.c.ThreadPoolTaskExecutor - Initializing ExecutorService 'applicationTaskExecutor'
17:44:15.912 center-sky [restartedMain] INFO  o.s.b.d.a.OptionalLiveReloadServer - LiveReload server is running on port 35729
17:44:15.947 center-sky [restartedMain] INFO  o.a.coyote.http11.Http11NioProtocol - Starting ProtocolHandler ["http-nio-28081"]
17:44:15.985 center-sky [restartedMain] INFO  o.s.b.w.e.tomcat.TomcatWebServer - Tomcat started on port(s): 28081 (http) with context path ''
17:44:15.992 center-sky [restartedMain] INFO  com.example.sky.SkyApplication - Started SkyApplication in 4.198 seconds (JVM running for 9.882)
17:44:21.395 center-sky [http-nio-28081-exec-1] INFO  o.a.c.c.C.[Tomcat].[localhost].[/] - Initializing Spring DispatcherServlet 'dispatcherServlet'
17:44:21.399 center-sky [http-nio-28081-exec-1] INFO  o.s.web.servlet.DispatcherServlet - Initializing Servlet 'dispatcherServlet'
17:44:21.407 center-sky [http-nio-28081-exec-1] INFO  o.s.web.servlet.DispatcherServlet - Completed initialization in 8 ms
17:44:21.775 center-sky [http-nio-28081-exec-1] INFO  c.e.sky.controller.AlarmController - alarmMessage:[AlarmMessageDto(scopeId=1, scope=SERVICE, name=serviceA, ruleName=service_resp_time_rule, id0=ejdjdfifi, id1=0, alarmMessage=alarmMessage xxxx, startTime=1560524171000), AlarmMessageDto(scopeId=1, scope=SERVICE, name=serviceB, ruleName=service_resp_time_rule, id0=ejdewewjdfifi, id1=0, alarmMessage=alarmMessage yyy, startTime=1560524171000)]
17:47:42.469 center-sky [restartedMain] INFO  com.example.sky.SkyApplication - Starting SkyApplication on c-pc with PID 18424 (C:\Users\C\Desktop\sky-master\target\classes started by C in C:\Users\C\Desktop\sky-master)
17:47:42.494 center-sky [restartedMain] INFO  com.example.sky.SkyApplication - No active profile set, falling back to default profiles: default
17:47:43.016 center-sky [restartedMain] INFO  o.s.b.d.e.DevToolsPropertyDefaultsPostProcessor - Devtools property defaults active! Set 'spring.devtools.add-properties' to 'false' to disable
17:47:43.016 center-sky [restartedMain] INFO  o.s.b.d.e.DevToolsPropertyDefaultsPostProcessor - For additional web related logging consider setting the 'logging.level.web' property to 'DEBUG'
17:47:45.424 center-sky [restartedMain] INFO  o.s.b.w.e.tomcat.TomcatWebServer - Tomcat initialized with port(s): 28081 (http)
17:47:45.439 center-sky [restartedMain] INFO  o.a.coyote.http11.Http11NioProtocol - Initializing ProtocolHandler ["http-nio-28081"]
17:47:45.441 center-sky [restartedMain] INFO  o.a.catalina.core.StandardService - Starting service [Tomcat]
17:47:45.441 center-sky [restartedMain] INFO  o.a.catalina.core.StandardEngine - Starting Servlet engine: [Apache Tomcat/9.0.27]
17:47:45.610 center-sky [restartedMain] INFO  o.a.c.c.C.[Tomcat].[localhost].[/] - Initializing Spring embedded WebApplicationContext
17:47:45.610 center-sky [restartedMain] INFO  o.s.web.context.ContextLoader - Root WebApplicationContext: initialization completed in 2594 ms
17:47:45.929 center-sky [restartedMain] INFO  o.s.s.c.ThreadPoolTaskExecutor - Initializing ExecutorService 'applicationTaskExecutor'
17:47:46.257 center-sky [restartedMain] INFO  o.s.b.d.a.OptionalLiveReloadServer - LiveReload server is running on port 35729
17:47:46.310 center-sky [restartedMain] INFO  o.a.coyote.http11.Http11NioProtocol - Starting ProtocolHandler ["http-nio-28081"]
17:47:46.358 center-sky [restartedMain] INFO  o.s.b.w.e.tomcat.TomcatWebServer - Tomcat started on port(s): 28081 (http) with context path ''
17:47:46.366 center-sky [restartedMain] INFO  com.example.sky.SkyApplication - Started SkyApplication in 5.159 seconds (JVM running for 8.589)
17:47:50.673 center-sky [http-nio-28081-exec-1] INFO  o.a.c.c.C.[Tomcat].[localhost].[/] - Initializing Spring DispatcherServlet 'dispatcherServlet'
17:47:50.683 center-sky [http-nio-28081-exec-1] INFO  o.s.web.servlet.DispatcherServlet - Initializing Servlet 'dispatcherServlet'
17:47:50.697 center-sky [http-nio-28081-exec-1] INFO  o.s.web.servlet.DispatcherServlet - Completed initialization in 13 ms
17:47:51.069 center-sky [http-nio-28081-exec-1] INFO  c.e.sky.controller.AlarmController - alarmMessage:[AlarmMessageDto(scopeId=1, scope=SERVICE, name=serviceA, ruleName=service_resp_time_rule, id0=ejdjdfifi, id1=0, alarmMessage=alarmMessage xxxx, startTime=1560524171000), AlarmMessageDto(scopeId=1, scope=SERVICE, name=serviceB, ruleName=service_resp_time_rule, id0=ejdewewjdfifi, id1=0, alarmMessage=alarmMessage yyy, startTime=1560524171000)]
18:09:42.518 center-sky [restartedMain] INFO  com.example.sky.SkyApplication - Starting SkyApplication on c-pc with PID 24280 (C:\Users\C\Desktop\sky-master\target\classes started by C in C:\Users\C\Desktop\sky-master)
18:09:42.525 center-sky [restartedMain] INFO  com.example.sky.SkyApplication - No active profile set, falling back to default profiles: default
18:09:42.686 center-sky [restartedMain] INFO  o.s.b.d.e.DevToolsPropertyDefaultsPostProcessor - Devtools property defaults active! Set 'spring.devtools.add-properties' to 'false' to disable
18:09:42.686 center-sky [restartedMain] INFO  o.s.b.d.e.DevToolsPropertyDefaultsPostProcessor - For additional web related logging consider setting the 'logging.level.web' property to 'DEBUG'
18:09:56.711 center-sky [restartedMain] INFO  o.s.b.w.e.tomcat.TomcatWebServer - Tomcat initialized with port(s): 28081 (http)
18:09:56.725 center-sky [restartedMain] INFO  o.a.coyote.http11.Http11NioProtocol - Initializing ProtocolHandler ["http-nio-28081"]
18:09:56.726 center-sky [restartedMain] INFO  o.a.catalina.core.StandardService - Starting service [Tomcat]
18:09:56.727 center-sky [restartedMain] INFO  o.a.catalina.core.StandardEngine - Starting Servlet engine: [Apache Tomcat/9.0.27]
18:09:56.994 center-sky [restartedMain] INFO  o.a.c.c.C.[Tomcat].[localhost].[/] - Initializing Spring embedded WebApplicationContext
18:09:56.995 center-sky [restartedMain] INFO  o.s.web.context.ContextLoader - Root WebApplicationContext: initialization completed in 14309 ms
18:09:57.303 center-sky [restartedMain] INFO  o.s.s.c.ThreadPoolTaskExecutor - Initializing ExecutorService 'applicationTaskExecutor'
18:09:57.601 center-sky [restartedMain] INFO  o.s.b.d.a.OptionalLiveReloadServer - LiveReload server is running on port 35729
18:09:57.642 center-sky [restartedMain] INFO  o.a.coyote.http11.Http11NioProtocol - Starting ProtocolHandler ["http-nio-28081"]
18:09:57.679 center-sky [restartedMain] INFO  o.s.b.w.e.tomcat.TomcatWebServer - Tomcat started on port(s): 28081 (http) with context path ''
18:09:57.686 center-sky [restartedMain] INFO  com.example.sky.SkyApplication - Started SkyApplication in 16.601 seconds (JVM running for 19.585)
18:10:05.898 center-sky [http-nio-28081-exec-1] INFO  o.a.c.c.C.[Tomcat].[localhost].[/] - Initializing Spring DispatcherServlet 'dispatcherServlet'
18:10:05.900 center-sky [http-nio-28081-exec-1] INFO  o.s.web.servlet.DispatcherServlet - Initializing Servlet 'dispatcherServlet'
18:10:05.950 center-sky [http-nio-28081-exec-1] INFO  o.s.web.servlet.DispatcherServlet - Completed initialization in 50 ms
18:10:06.490 center-sky [http-nio-28081-exec-1] INFO  c.e.sky.controller.AlarmController - alarmMessage:[AlarmMessageDto(scopeId=1, scope=SERVICE, name=serviceA, ruleName=service_resp_time_rule, id0=ejdjdfifi, id1=0, alarmMessage=alarmMessage xxxx, startTime=1560524171000), AlarmMessageDto(scopeId=1, scope=SERVICE, name=serviceB, ruleName=service_resp_time_rule, id0=ejdewewjdfifi, id1=0, alarmMessage=alarmMessage yyy, startTime=1560524171000)]
18:10:06.865 center-sky [http-nio-28081-exec-1] ERROR o.a.c.c.C.[.[.[.[dispatcherServlet] - Servlet.service() for servlet [dispatcherServlet] in context with path [] threw exception [Request processing failed; nested exception is java.lang.IllegalArgumentException: Illegal character in scheme name at index 0: 'https://qyapi.weixin.qq.com/cgi-bin/webhook/send?key=6933878f-5e4b-4fd6-ad35-5386dfd64d07'] with root cause
java.net.URISyntaxException: Illegal character in scheme name at index 0: 'https://qyapi.weixin.qq.com/cgi-bin/webhook/send?key=6933878f-5e4b-4fd6-ad35-5386dfd64d07'
	at java.base/java.net.URI$Parser.fail(URI.java:2936)
	at java.base/java.net.URI$Parser.checkChars(URI.java:3107)
	at java.base/java.net.URI$Parser.checkChar(URI.java:3117)
	at java.base/java.net.URI$Parser.parse(URI.java:3132)
	at java.base/java.net.URI.<init>(URI.java:623)
	at java.base/java.net.URI.create(URI.java:904)
	at org.apache.http.client.methods.HttpPost.<init>(HttpPost.java:73)
	at com.example.sky.controller.AlarmController.alarm(AlarmController.java:80)
	at java.base/jdk.internal.reflect.NativeMethodAccessorImpl.invoke0(Native Method)
	at java.base/jdk.internal.reflect.NativeMethodAccessorImpl.invoke(NativeMethodAccessorImpl.java:62)
	at java.base/jdk.internal.reflect.DelegatingMethodAccessorImpl.invoke(DelegatingMethodAccessorImpl.java:43)
	at java.base/java.lang.reflect.Method.invoke(Method.java:567)
	at org.springframework.web.method.support.InvocableHandlerMethod.doInvoke(InvocableHandlerMethod.java:190)
	at org.springframework.web.method.support.InvocableHandlerMethod.invokeForRequest(InvocableHandlerMethod.java:138)
	at org.springframework.web.servlet.mvc.method.annotation.ServletInvocableHandlerMethod.invokeAndHandle(ServletInvocableHandlerMethod.java:106)
	at org.springframework.web.servlet.mvc.method.annotation.RequestMappingHandlerAdapter.invokeHandlerMethod(RequestMappingHandlerAdapter.java:888)
	at org.springframework.web.servlet.mvc.method.annotation.RequestMappingHandlerAdapter.handleInternal(RequestMappingHandlerAdapter.java:793)
	at org.springframework.web.servlet.mvc.method.AbstractHandlerMethodAdapter.handle(AbstractHandlerMethodAdapter.java:87)
	at org.springframework.web.servlet.DispatcherServlet.doDispatch(DispatcherServlet.java:1040)
	at org.springframework.web.servlet.DispatcherServlet.doService(DispatcherServlet.java:943)
	at org.springframework.web.servlet.FrameworkServlet.processRequest(FrameworkServlet.java:1006)
	at org.springframework.web.servlet.FrameworkServlet.doPost(FrameworkServlet.java:909)
	at javax.servlet.http.HttpServlet.service(HttpServlet.java:660)
	at org.springframework.web.servlet.FrameworkServlet.service(FrameworkServlet.java:883)
	at javax.servlet.http.HttpServlet.service(HttpServlet.java:741)
	at org.apache.catalina.core.ApplicationFilterChain.internalDoFilter(ApplicationFilterChain.java:231)
	at org.apache.catalina.core.ApplicationFilterChain.doFilter(ApplicationFilterChain.java:166)
	at org.apache.tomcat.websocket.server.WsFilter.doFilter(WsFilter.java:53)
	at org.apache.catalina.core.ApplicationFilterChain.internalDoFilter(ApplicationFilterChain.java:193)
	at org.apache.catalina.core.ApplicationFilterChain.doFilter(ApplicationFilterChain.java:166)
	at org.springframework.web.filter.RequestContextFilter.doFilterInternal(RequestContextFilter.java:100)
	at org.springframework.web.filter.OncePerRequestFilter.doFilter(OncePerRequestFilter.java:119)
	at org.apache.catalina.core.ApplicationFilterChain.internalDoFilter(ApplicationFilterChain.java:193)
	at org.apache.catalina.core.ApplicationFilterChain.doFilter(ApplicationFilterChain.java:166)
	at org.springframework.web.filter.FormContentFilter.doFilterInternal(FormContentFilter.java:93)
	at org.springframework.web.filter.OncePerRequestFilter.doFilter(OncePerRequestFilter.java:119)
	at org.apache.catalina.core.ApplicationFilterChain.internalDoFilter(ApplicationFilterChain.java:193)
	at org.apache.catalina.core.ApplicationFilterChain.doFilter(ApplicationFilterChain.java:166)
	at org.springframework.web.filter.CharacterEncodingFilter.doFilterInternal(CharacterEncodingFilter.java:201)
	at org.springframework.web.filter.OncePerRequestFilter.doFilter(OncePerRequestFilter.java:119)
	at org.apache.catalina.core.ApplicationFilterChain.internalDoFilter(ApplicationFilterChain.java:193)
	at org.apache.catalina.core.ApplicationFilterChain.doFilter(ApplicationFilterChain.java:166)
	at org.apache.catalina.core.StandardWrapperValve.invoke(StandardWrapperValve.java:202)
	at org.apache.catalina.core.StandardContextValve.invoke(StandardContextValve.java:96)
	at org.apache.catalina.authenticator.AuthenticatorBase.invoke(AuthenticatorBase.java:526)
	at org.apache.catalina.core.StandardHostValve.invoke(StandardHostValve.java:139)
	at org.apache.catalina.valves.ErrorReportValve.invoke(ErrorReportValve.java:92)
	at org.apache.catalina.core.StandardEngineValve.invoke(StandardEngineValve.java:74)
	at org.apache.catalina.connector.CoyoteAdapter.service(CoyoteAdapter.java:343)
	at org.apache.coyote.http11.Http11Processor.service(Http11Processor.java:408)
	at org.apache.coyote.AbstractProcessorLight.process(AbstractProcessorLight.java:66)
	at org.apache.coyote.AbstractProtocol$ConnectionHandler.process(AbstractProtocol.java:861)
	at org.apache.tomcat.util.net.NioEndpoint$SocketProcessor.doRun(NioEndpoint.java:1579)
	at org.apache.tomcat.util.net.SocketProcessorBase.run(SocketProcessorBase.java:49)
	at java.base/java.util.concurrent.ThreadPoolExecutor.runWorker(ThreadPoolExecutor.java:1128)
	at java.base/java.util.concurrent.ThreadPoolExecutor$Worker.run(ThreadPoolExecutor.java:628)
	at org.apache.tomcat.util.threads.TaskThread$WrappingRunnable.run(TaskThread.java:61)
	at java.base/java.lang.Thread.run(Thread.java:835)
18:11:31.062 center-sky [restartedMain] INFO  com.example.sky.SkyApplication - Starting SkyApplication on c-pc with PID 18188 (C:\Users\C\Desktop\sky-master\target\classes started by C in C:\Users\C\Desktop\sky-master)
18:11:31.067 center-sky [restartedMain] INFO  com.example.sky.SkyApplication - No active profile set, falling back to default profiles: default
18:11:31.159 center-sky [restartedMain] INFO  o.s.b.d.e.DevToolsPropertyDefaultsPostProcessor - Devtools property defaults active! Set 'spring.devtools.add-properties' to 'false' to disable
18:11:31.159 center-sky [restartedMain] INFO  o.s.b.d.e.DevToolsPropertyDefaultsPostProcessor - For additional web related logging consider setting the 'logging.level.web' property to 'DEBUG'
18:11:33.463 center-sky [restartedMain] INFO  o.s.b.w.e.tomcat.TomcatWebServer - Tomcat initialized with port(s): 28081 (http)
18:11:33.486 center-sky [restartedMain] INFO  o.a.coyote.http11.Http11NioProtocol - Initializing ProtocolHandler ["http-nio-28081"]
18:11:33.487 center-sky [restartedMain] INFO  o.a.catalina.core.StandardService - Starting service [Tomcat]
18:11:33.488 center-sky [restartedMain] INFO  o.a.catalina.core.StandardEngine - Starting Servlet engine: [Apache Tomcat/9.0.27]
18:11:33.686 center-sky [restartedMain] INFO  o.a.c.c.C.[Tomcat].[localhost].[/] - Initializing Spring embedded WebApplicationContext
18:11:33.687 center-sky [restartedMain] INFO  o.s.web.context.ContextLoader - Root WebApplicationContext: initialization completed in 2528 ms
18:11:34.077 center-sky [restartedMain] INFO  o.s.s.c.ThreadPoolTaskExecutor - Initializing ExecutorService 'applicationTaskExecutor'
18:11:34.480 center-sky [restartedMain] INFO  o.s.b.d.a.OptionalLiveReloadServer - LiveReload server is running on port 35729
18:11:34.533 center-sky [restartedMain] INFO  o.a.coyote.http11.Http11NioProtocol - Starting ProtocolHandler ["http-nio-28081"]
18:11:34.606 center-sky [restartedMain] INFO  o.s.b.w.e.tomcat.TomcatWebServer - Tomcat started on port(s): 28081 (http) with context path ''
18:11:34.612 center-sky [restartedMain] INFO  com.example.sky.SkyApplication - Started SkyApplication in 5.06 seconds (JVM running for 9.201)
18:11:39.195 center-sky [http-nio-28081-exec-1] INFO  o.a.c.c.C.[Tomcat].[localhost].[/] - Initializing Spring DispatcherServlet 'dispatcherServlet'
18:11:39.196 center-sky [http-nio-28081-exec-1] INFO  o.s.web.servlet.DispatcherServlet - Initializing Servlet 'dispatcherServlet'
18:11:39.243 center-sky [http-nio-28081-exec-1] INFO  o.s.web.servlet.DispatcherServlet - Completed initialization in 46 ms
18:11:39.567 center-sky [http-nio-28081-exec-1] INFO  c.e.sky.controller.AlarmController - alarmMessage:[AlarmMessageDto(scopeId=1, scope=SERVICE, name=serviceA, ruleName=service_resp_time_rule, id0=ejdjdfifi, id1=0, alarmMessage=alarmMessage xxxx, startTime=1560524171000), AlarmMessageDto(scopeId=1, scope=SERVICE, name=serviceB, ruleName=service_resp_time_rule, id0=ejdewewjdfifi, id1=0, alarmMessage=alarmMessage yyy, startTime=1560524171000)]
18:11:39.994 center-sky [http-nio-28081-exec-1] ERROR o.a.c.c.C.[.[.[.[dispatcherServlet] - Servlet.service() for servlet [dispatcherServlet] in context with path [] threw exception [Request processing failed; nested exception is java.lang.IllegalArgumentException: Illegal character in scheme name at index 0: 'https://qyapi.weixin.qq.com/cgi-bin/webhook/send?key=6933878f-5e4b-4fd6-ad35-5386dfd64d07'] with root cause
java.net.URISyntaxException: Illegal character in scheme name at index 0: 'https://qyapi.weixin.qq.com/cgi-bin/webhook/send?key=6933878f-5e4b-4fd6-ad35-5386dfd64d07'
	at java.base/java.net.URI$Parser.fail(URI.java:2936)
	at java.base/java.net.URI$Parser.checkChars(URI.java:3107)
	at java.base/java.net.URI$Parser.checkChar(URI.java:3117)
	at java.base/java.net.URI$Parser.parse(URI.java:3132)
	at java.base/java.net.URI.<init>(URI.java:623)
	at java.base/java.net.URI.create(URI.java:904)
	at org.apache.http.client.methods.HttpPost.<init>(HttpPost.java:73)
	at com.example.sky.controller.AlarmController.alarm(AlarmController.java:80)
	at java.base/jdk.internal.reflect.NativeMethodAccessorImpl.invoke0(Native Method)
	at java.base/jdk.internal.reflect.NativeMethodAccessorImpl.invoke(NativeMethodAccessorImpl.java:62)
	at java.base/jdk.internal.reflect.DelegatingMethodAccessorImpl.invoke(DelegatingMethodAccessorImpl.java:43)
	at java.base/java.lang.reflect.Method.invoke(Method.java:567)
	at org.springframework.web.method.support.InvocableHandlerMethod.doInvoke(InvocableHandlerMethod.java:190)
	at org.springframework.web.method.support.InvocableHandlerMethod.invokeForRequest(InvocableHandlerMethod.java:138)
	at org.springframework.web.servlet.mvc.method.annotation.ServletInvocableHandlerMethod.invokeAndHandle(ServletInvocableHandlerMethod.java:106)
	at org.springframework.web.servlet.mvc.method.annotation.RequestMappingHandlerAdapter.invokeHandlerMethod(RequestMappingHandlerAdapter.java:888)
	at org.springframework.web.servlet.mvc.method.annotation.RequestMappingHandlerAdapter.handleInternal(RequestMappingHandlerAdapter.java:793)
	at org.springframework.web.servlet.mvc.method.AbstractHandlerMethodAdapter.handle(AbstractHandlerMethodAdapter.java:87)
	at org.springframework.web.servlet.DispatcherServlet.doDispatch(DispatcherServlet.java:1040)
	at org.springframework.web.servlet.DispatcherServlet.doService(DispatcherServlet.java:943)
	at org.springframework.web.servlet.FrameworkServlet.processRequest(FrameworkServlet.java:1006)
	at org.springframework.web.servlet.FrameworkServlet.doPost(FrameworkServlet.java:909)
	at javax.servlet.http.HttpServlet.service(HttpServlet.java:660)
	at org.springframework.web.servlet.FrameworkServlet.service(FrameworkServlet.java:883)
	at javax.servlet.http.HttpServlet.service(HttpServlet.java:741)
	at org.apache.catalina.core.ApplicationFilterChain.internalDoFilter(ApplicationFilterChain.java:231)
	at org.apache.catalina.core.ApplicationFilterChain.doFilter(ApplicationFilterChain.java:166)
	at org.apache.tomcat.websocket.server.WsFilter.doFilter(WsFilter.java:53)
	at org.apache.catalina.core.ApplicationFilterChain.internalDoFilter(ApplicationFilterChain.java:193)
	at org.apache.catalina.core.ApplicationFilterChain.doFilter(ApplicationFilterChain.java:166)
	at org.springframework.web.filter.RequestContextFilter.doFilterInternal(RequestContextFilter.java:100)
	at org.springframework.web.filter.OncePerRequestFilter.doFilter(OncePerRequestFilter.java:119)
	at org.apache.catalina.core.ApplicationFilterChain.internalDoFilter(ApplicationFilterChain.java:193)
	at org.apache.catalina.core.ApplicationFilterChain.doFilter(ApplicationFilterChain.java:166)
	at org.springframework.web.filter.FormContentFilter.doFilterInternal(FormContentFilter.java:93)
	at org.springframework.web.filter.OncePerRequestFilter.doFilter(OncePerRequestFilter.java:119)
	at org.apache.catalina.core.ApplicationFilterChain.internalDoFilter(ApplicationFilterChain.java:193)
	at org.apache.catalina.core.ApplicationFilterChain.doFilter(ApplicationFilterChain.java:166)
	at org.springframework.web.filter.CharacterEncodingFilter.doFilterInternal(CharacterEncodingFilter.java:201)
	at org.springframework.web.filter.OncePerRequestFilter.doFilter(OncePerRequestFilter.java:119)
	at org.apache.catalina.core.ApplicationFilterChain.internalDoFilter(ApplicationFilterChain.java:193)
	at org.apache.catalina.core.ApplicationFilterChain.doFilter(ApplicationFilterChain.java:166)
	at org.apache.catalina.core.StandardWrapperValve.invoke(StandardWrapperValve.java:202)
	at org.apache.catalina.core.StandardContextValve.invoke(StandardContextValve.java:96)
	at org.apache.catalina.authenticator.AuthenticatorBase.invoke(AuthenticatorBase.java:526)
	at org.apache.catalina.core.StandardHostValve.invoke(StandardHostValve.java:139)
	at org.apache.catalina.valves.ErrorReportValve.invoke(ErrorReportValve.java:92)
	at org.apache.catalina.core.StandardEngineValve.invoke(StandardEngineValve.java:74)
	at org.apache.catalina.connector.CoyoteAdapter.service(CoyoteAdapter.java:343)
	at org.apache.coyote.http11.Http11Processor.service(Http11Processor.java:408)
	at org.apache.coyote.AbstractProcessorLight.process(AbstractProcessorLight.java:66)
	at org.apache.coyote.AbstractProtocol$ConnectionHandler.process(AbstractProtocol.java:861)
	at org.apache.tomcat.util.net.NioEndpoint$SocketProcessor.doRun(NioEndpoint.java:1579)
	at org.apache.tomcat.util.net.SocketProcessorBase.run(SocketProcessorBase.java:49)
	at java.base/java.util.concurrent.ThreadPoolExecutor.runWorker(ThreadPoolExecutor.java:1128)
	at java.base/java.util.concurrent.ThreadPoolExecutor$Worker.run(ThreadPoolExecutor.java:628)
	at org.apache.tomcat.util.threads.TaskThread$WrappingRunnable.run(TaskThread.java:61)
	at java.base/java.lang.Thread.run(Thread.java:835)
18:12:21.347 center-sky [restartedMain] INFO  com.example.sky.SkyApplication - Starting SkyApplication on c-pc with PID 12992 (C:\Users\C\Desktop\sky-master\target\classes started by C in C:\Users\C\Desktop\sky-master)
18:12:21.354 center-sky [restartedMain] INFO  com.example.sky.SkyApplication - No active profile set, falling back to default profiles: default
18:12:21.557 center-sky [restartedMain] INFO  o.s.b.d.e.DevToolsPropertyDefaultsPostProcessor - Devtools property defaults active! Set 'spring.devtools.add-properties' to 'false' to disable
18:12:21.557 center-sky [restartedMain] INFO  o.s.b.d.e.DevToolsPropertyDefaultsPostProcessor - For additional web related logging consider setting the 'logging.level.web' property to 'DEBUG'
18:12:25.469 center-sky [restartedMain] INFO  o.s.b.w.e.tomcat.TomcatWebServer - Tomcat initialized with port(s): 28081 (http)
18:12:25.482 center-sky [restartedMain] INFO  o.a.coyote.http11.Http11NioProtocol - Initializing ProtocolHandler ["http-nio-28081"]
18:12:25.483 center-sky [restartedMain] INFO  o.a.catalina.core.StandardService - Starting service [Tomcat]
18:12:25.484 center-sky [restartedMain] INFO  o.a.catalina.core.StandardEngine - Starting Servlet engine: [Apache Tomcat/9.0.27]
18:12:25.674 center-sky [restartedMain] INFO  o.a.c.c.C.[Tomcat].[localhost].[/] - Initializing Spring embedded WebApplicationContext
18:12:25.675 center-sky [restartedMain] INFO  o.s.web.context.ContextLoader - Root WebApplicationContext: initialization completed in 4117 ms
18:12:26.008 center-sky [restartedMain] INFO  o.s.s.c.ThreadPoolTaskExecutor - Initializing ExecutorService 'applicationTaskExecutor'
18:12:26.374 center-sky [restartedMain] INFO  o.s.b.d.a.OptionalLiveReloadServer - LiveReload server is running on port 35729
18:12:26.426 center-sky [restartedMain] INFO  o.a.coyote.http11.Http11NioProtocol - Starting ProtocolHandler ["http-nio-28081"]
18:12:26.480 center-sky [restartedMain] INFO  o.s.b.w.e.tomcat.TomcatWebServer - Tomcat started on port(s): 28081 (http) with context path ''
18:12:26.489 center-sky [restartedMain] INFO  com.example.sky.SkyApplication - Started SkyApplication in 6.597 seconds (JVM running for 9.748)
18:12:32.928 center-sky [http-nio-28081-exec-2] INFO  o.a.c.c.C.[Tomcat].[localhost].[/] - Initializing Spring DispatcherServlet 'dispatcherServlet'
18:12:32.931 center-sky [http-nio-28081-exec-2] INFO  o.s.web.servlet.DispatcherServlet - Initializing Servlet 'dispatcherServlet'
18:12:32.940 center-sky [http-nio-28081-exec-2] INFO  o.s.web.servlet.DispatcherServlet - Completed initialization in 9 ms
18:12:33.325 center-sky [http-nio-28081-exec-2] INFO  c.e.sky.controller.AlarmController - alarmMessage:[AlarmMessageDto(scopeId=1, scope=SERVICE, name=serviceA, ruleName=service_resp_time_rule, id0=ejdjdfifi, id1=0, alarmMessage=alarmMessage xxxx, startTime=1560524171000), AlarmMessageDto(scopeId=1, scope=SERVICE, name=serviceB, ruleName=service_resp_time_rule, id0=ejdewewjdfifi, id1=0, alarmMessage=alarmMessage yyy, startTime=1560524171000)]
18:14:00.884 center-sky [restartedMain] INFO  com.example.sky.SkyApplication - Starting SkyApplication on c-pc with PID 21920 (C:\Users\C\Desktop\sky-master\target\classes started by C in C:\Users\C\Desktop\sky-master)
18:14:00.888 center-sky [restartedMain] INFO  com.example.sky.SkyApplication - No active profile set, falling back to default profiles: default
18:14:00.986 center-sky [restartedMain] INFO  o.s.b.d.e.DevToolsPropertyDefaultsPostProcessor - Devtools property defaults active! Set 'spring.devtools.add-properties' to 'false' to disable
18:14:00.986 center-sky [restartedMain] INFO  o.s.b.d.e.DevToolsPropertyDefaultsPostProcessor - For additional web related logging consider setting the 'logging.level.web' property to 'DEBUG'
18:14:03.157 center-sky [restartedMain] INFO  o.s.b.w.e.tomcat.TomcatWebServer - Tomcat initialized with port(s): 28081 (http)
18:14:03.179 center-sky [restartedMain] INFO  o.a.coyote.http11.Http11NioProtocol - Initializing ProtocolHandler ["http-nio-28081"]
18:14:03.181 center-sky [restartedMain] INFO  o.a.catalina.core.StandardService - Starting service [Tomcat]
18:14:03.181 center-sky [restartedMain] INFO  o.a.catalina.core.StandardEngine - Starting Servlet engine: [Apache Tomcat/9.0.27]
18:14:03.482 center-sky [restartedMain] INFO  o.a.c.c.C.[Tomcat].[localhost].[/] - Initializing Spring embedded WebApplicationContext
18:14:03.483 center-sky [restartedMain] INFO  o.s.web.context.ContextLoader - Root WebApplicationContext: initialization completed in 2497 ms
18:14:03.815 center-sky [restartedMain] INFO  o.s.s.c.ThreadPoolTaskExecutor - Initializing ExecutorService 'applicationTaskExecutor'
18:14:04.138 center-sky [restartedMain] INFO  o.s.b.d.a.OptionalLiveReloadServer - LiveReload server is running on port 35729
18:14:04.181 center-sky [restartedMain] INFO  o.a.coyote.http11.Http11NioProtocol - Starting ProtocolHandler ["http-nio-28081"]
18:14:04.228 center-sky [restartedMain] INFO  o.s.b.w.e.tomcat.TomcatWebServer - Tomcat started on port(s): 28081 (http) with context path ''
18:14:04.239 center-sky [restartedMain] INFO  com.example.sky.SkyApplication - Started SkyApplication in 11.447 seconds (JVM running for 16.188)
18:14:16.748 center-sky [http-nio-28081-exec-1] INFO  o.a.c.c.C.[Tomcat].[localhost].[/] - Initializing Spring DispatcherServlet 'dispatcherServlet'
18:14:16.748 center-sky [http-nio-28081-exec-1] INFO  o.s.web.servlet.DispatcherServlet - Initializing Servlet 'dispatcherServlet'
18:14:16.766 center-sky [http-nio-28081-exec-1] INFO  o.s.web.servlet.DispatcherServlet - Completed initialization in 17 ms
18:14:17.088 center-sky [http-nio-28081-exec-1] INFO  c.e.sky.controller.AlarmController - alarmMessage:[AlarmMessageDto(scopeId=1, scope=SERVICE, name=serviceA, ruleName=service_resp_time_rule, id0=ejdjdfifi, id1=0, alarmMessage=alarmMessage xxxx, startTime=1560524171000), AlarmMessageDto(scopeId=1, scope=SERVICE, name=serviceB, ruleName=service_resp_time_rule, id0=ejdewewjdfifi, id1=0, alarmMessage=alarmMessage yyy, startTime=1560524171000)]
18:17:47.514 center-sky [restartedMain] INFO  com.example.sky.SkyApplication - Starting SkyApplication on c-pc with PID 28064 (C:\Users\C\Desktop\sky-master\target\classes started by C in C:\Users\C\Desktop\sky-master)
18:17:47.594 center-sky [restartedMain] INFO  com.example.sky.SkyApplication - No active profile set, falling back to default profiles: default
18:17:47.848 center-sky [restartedMain] INFO  o.s.b.d.e.DevToolsPropertyDefaultsPostProcessor - Devtools property defaults active! Set 'spring.devtools.add-properties' to 'false' to disable
18:17:47.848 center-sky [restartedMain] INFO  o.s.b.d.e.DevToolsPropertyDefaultsPostProcessor - For additional web related logging consider setting the 'logging.level.web' property to 'DEBUG'
18:17:50.043 center-sky [restartedMain] INFO  o.s.b.w.e.tomcat.TomcatWebServer - Tomcat initialized with port(s): 28081 (http)
18:17:50.059 center-sky [restartedMain] INFO  o.a.coyote.http11.Http11NioProtocol - Initializing ProtocolHandler ["http-nio-28081"]
18:17:50.060 center-sky [restartedMain] INFO  o.a.catalina.core.StandardService - Starting service [Tomcat]
18:17:50.061 center-sky [restartedMain] INFO  o.a.catalina.core.StandardEngine - Starting Servlet engine: [Apache Tomcat/9.0.27]
18:17:50.241 center-sky [restartedMain] INFO  o.a.c.c.C.[Tomcat].[localhost].[/] - Initializing Spring embedded WebApplicationContext
18:17:50.241 center-sky [restartedMain] INFO  o.s.web.context.ContextLoader - Root WebApplicationContext: initialization completed in 2393 ms
18:17:50.586 center-sky [restartedMain] INFO  o.s.s.c.ThreadPoolTaskExecutor - Initializing ExecutorService 'applicationTaskExecutor'
18:17:50.908 center-sky [restartedMain] INFO  o.s.b.d.a.OptionalLiveReloadServer - LiveReload server is running on port 35729
18:17:50.940 center-sky [restartedMain] INFO  o.a.coyote.http11.Http11NioProtocol - Starting ProtocolHandler ["http-nio-28081"]
18:17:50.975 center-sky [restartedMain] INFO  o.s.b.w.e.tomcat.TomcatWebServer - Tomcat started on port(s): 28081 (http) with context path ''
18:17:50.982 center-sky [restartedMain] INFO  com.example.sky.SkyApplication - Started SkyApplication in 4.832 seconds (JVM running for 8.368)
18:17:55.996 center-sky [http-nio-28081-exec-1] INFO  o.a.c.c.C.[Tomcat].[localhost].[/] - Initializing Spring DispatcherServlet 'dispatcherServlet'
18:17:55.996 center-sky [http-nio-28081-exec-1] INFO  o.s.web.servlet.DispatcherServlet - Initializing Servlet 'dispatcherServlet'
18:17:56.008 center-sky [http-nio-28081-exec-1] INFO  o.s.web.servlet.DispatcherServlet - Completed initialization in 12 ms
18:17:56.372 center-sky [http-nio-28081-exec-1] INFO  c.e.sky.controller.AlarmController - alarmMessage:[AlarmMessageDto(scopeId=1, scope=SERVICE, name=serviceA, ruleName=service_resp_time_rule, id0=ejdjdfifi, id1=0, alarmMessage=alarmMessage xxxx, startTime=1560524171000), AlarmMessageDto(scopeId=1, scope=SERVICE, name=serviceB, ruleName=service_resp_time_rule, id0=ejdewewjdfifi, id1=0, alarmMessage=alarmMessage yyy, startTime=1560524171000)]
18:24:33.395 center-sky [restartedMain] INFO  com.example.sky.SkyApplication - Starting SkyApplication on c-pc with PID 13984 (C:\Users\C\Desktop\sky-master\target\classes started by C in C:\Users\C\Desktop\sky-master)
18:24:33.400 center-sky [restartedMain] INFO  com.example.sky.SkyApplication - No active profile set, falling back to default profiles: default
18:24:33.523 center-sky [restartedMain] INFO  o.s.b.d.e.DevToolsPropertyDefaultsPostProcessor - Devtools property defaults active! Set 'spring.devtools.add-properties' to 'false' to disable
18:24:33.523 center-sky [restartedMain] INFO  o.s.b.d.e.DevToolsPropertyDefaultsPostProcessor - For additional web related logging consider setting the 'logging.level.web' property to 'DEBUG'
18:24:35.734 center-sky [restartedMain] INFO  o.s.b.w.e.tomcat.TomcatWebServer - Tomcat initialized with port(s): 28081 (http)
18:24:35.746 center-sky [restartedMain] INFO  o.a.coyote.http11.Http11NioProtocol - Initializing ProtocolHandler ["http-nio-28081"]
18:24:35.747 center-sky [restartedMain] INFO  o.a.catalina.core.StandardService - Starting service [Tomcat]
18:24:35.748 center-sky [restartedMain] INFO  o.a.catalina.core.StandardEngine - Starting Servlet engine: [Apache Tomcat/9.0.27]
18:24:35.980 center-sky [restartedMain] INFO  o.a.c.c.C.[Tomcat].[localhost].[/] - Initializing Spring embedded WebApplicationContext
18:24:35.980 center-sky [restartedMain] INFO  o.s.web.context.ContextLoader - Root WebApplicationContext: initialization completed in 2457 ms
18:24:36.337 center-sky [restartedMain] INFO  o.s.s.c.ThreadPoolTaskExecutor - Initializing ExecutorService 'applicationTaskExecutor'
18:24:36.634 center-sky [restartedMain] INFO  o.s.b.d.a.OptionalLiveReloadServer - LiveReload server is running on port 35729
18:24:36.671 center-sky [restartedMain] INFO  o.a.coyote.http11.Http11NioProtocol - Starting ProtocolHandler ["http-nio-28081"]
18:24:36.714 center-sky [restartedMain] INFO  o.s.b.w.e.tomcat.TomcatWebServer - Tomcat started on port(s): 28081 (http) with context path ''
18:24:36.720 center-sky [restartedMain] INFO  com.example.sky.SkyApplication - Started SkyApplication in 4.991 seconds (JVM running for 8.091)
18:24:39.942 center-sky [http-nio-28081-exec-1] INFO  o.a.c.c.C.[Tomcat].[localhost].[/] - Initializing Spring DispatcherServlet 'dispatcherServlet'
18:24:39.945 center-sky [http-nio-28081-exec-1] INFO  o.s.web.servlet.DispatcherServlet - Initializing Servlet 'dispatcherServlet'
18:24:40.001 center-sky [http-nio-28081-exec-1] INFO  o.s.web.servlet.DispatcherServlet - Completed initialization in 56 ms
18:24:40.242 center-sky [http-nio-28081-exec-1] INFO  c.e.sky.controller.AlarmController - alarmMessage:[AlarmMessageDto(scopeId=1, scope=SERVICE, name=serviceA, ruleName=service_resp_time_rule, id0=ejdjdfifi, id1=0, alarmMessage=alarmMessage xxxx, startTime=1560524171000), AlarmMessageDto(scopeId=1, scope=SERVICE, name=serviceB, ruleName=service_resp_time_rule, id0=ejdewewjdfifi, id1=0, alarmMessage=alarmMessage yyy, startTime=1560524171000)]
18:26:43.139 center-sky [restartedMain] INFO  com.example.sky.SkyApplication - Starting SkyApplication on c-pc with PID 20336 (C:\Users\C\Desktop\sky-master\target\classes started by C in C:\Users\C\Desktop\sky-master)
18:26:43.143 center-sky [restartedMain] INFO  com.example.sky.SkyApplication - No active profile set, falling back to default profiles: default
18:26:43.249 center-sky [restartedMain] INFO  o.s.b.d.e.DevToolsPropertyDefaultsPostProcessor - Devtools property defaults active! Set 'spring.devtools.add-properties' to 'false' to disable
18:26:43.249 center-sky [restartedMain] INFO  o.s.b.d.e.DevToolsPropertyDefaultsPostProcessor - For additional web related logging consider setting the 'logging.level.web' property to 'DEBUG'
18:26:44.915 center-sky [restartedMain] INFO  o.s.b.w.e.tomcat.TomcatWebServer - Tomcat initialized with port(s): 28081 (http)
18:26:44.932 center-sky [restartedMain] INFO  o.a.coyote.http11.Http11NioProtocol - Initializing ProtocolHandler ["http-nio-28081"]
18:26:44.934 center-sky [restartedMain] INFO  o.a.catalina.core.StandardService - Starting service [Tomcat]
18:26:44.935 center-sky [restartedMain] INFO  o.a.catalina.core.StandardEngine - Starting Servlet engine: [Apache Tomcat/9.0.27]
18:26:45.110 center-sky [restartedMain] INFO  o.a.c.c.C.[Tomcat].[localhost].[/] - Initializing Spring embedded WebApplicationContext
18:26:45.111 center-sky [restartedMain] INFO  o.s.web.context.ContextLoader - Root WebApplicationContext: initialization completed in 1862 ms
18:26:45.445 center-sky [restartedMain] INFO  o.s.s.c.ThreadPoolTaskExecutor - Initializing ExecutorService 'applicationTaskExecutor'
18:26:45.761 center-sky [restartedMain] INFO  o.s.b.d.a.OptionalLiveReloadServer - LiveReload server is running on port 35729
18:26:45.817 center-sky [restartedMain] INFO  o.a.coyote.http11.Http11NioProtocol - Starting ProtocolHandler ["http-nio-28081"]
18:26:45.865 center-sky [restartedMain] INFO  o.s.b.w.e.tomcat.TomcatWebServer - Tomcat started on port(s): 28081 (http) with context path ''
18:26:45.871 center-sky [restartedMain] INFO  com.example.sky.SkyApplication - Started SkyApplication in 4.984 seconds (JVM running for 8.061)
18:26:48.900 center-sky [http-nio-28081-exec-1] INFO  o.a.c.c.C.[Tomcat].[localhost].[/] - Initializing Spring DispatcherServlet 'dispatcherServlet'
18:26:48.905 center-sky [http-nio-28081-exec-1] INFO  o.s.web.servlet.DispatcherServlet - Initializing Servlet 'dispatcherServlet'
18:26:48.916 center-sky [http-nio-28081-exec-1] INFO  o.s.web.servlet.DispatcherServlet - Completed initialization in 11 ms
18:26:49.338 center-sky [http-nio-28081-exec-1] INFO  c.e.sky.controller.AlarmController - alarmMessage:[AlarmMessageDto(scopeId=1, scope=SERVICE, name=serviceA, ruleName=service_resp_time_rule, id0=ejdjdfifi, id1=0, alarmMessage=alarmMessage xxxx, startTime=1560524171000), AlarmMessageDto(scopeId=1, scope=SERVICE, name=serviceB, ruleName=service_resp_time_rule, id0=ejdewewjdfifi, id1=0, alarmMessage=alarmMessage yyy, startTime=1560524171000)]
18:28:14.189 center-sky [restartedMain] INFO  com.example.sky.SkyApplication - Starting SkyApplication on c-pc with PID 17420 (C:\Users\C\Desktop\sky-master\target\classes started by C in C:\Users\C\Desktop\sky-master)
18:28:14.194 center-sky [restartedMain] INFO  com.example.sky.SkyApplication - No active profile set, falling back to default profiles: default
18:28:14.278 center-sky [restartedMain] INFO  o.s.b.d.e.DevToolsPropertyDefaultsPostProcessor - Devtools property defaults active! Set 'spring.devtools.add-properties' to 'false' to disable
18:28:14.279 center-sky [restartedMain] INFO  o.s.b.d.e.DevToolsPropertyDefaultsPostProcessor - For additional web related logging consider setting the 'logging.level.web' property to 'DEBUG'
18:28:16.811 center-sky [restartedMain] INFO  o.s.b.w.e.tomcat.TomcatWebServer - Tomcat initialized with port(s): 28081 (http)
18:28:16.825 center-sky [restartedMain] INFO  o.a.coyote.http11.Http11NioProtocol - Initializing ProtocolHandler ["http-nio-28081"]
18:28:16.826 center-sky [restartedMain] INFO  o.a.catalina.core.StandardService - Starting service [Tomcat]
18:28:16.827 center-sky [restartedMain] INFO  o.a.catalina.core.StandardEngine - Starting Servlet engine: [Apache Tomcat/9.0.27]
18:28:17.009 center-sky [restartedMain] INFO  o.a.c.c.C.[Tomcat].[localhost].[/] - Initializing Spring embedded WebApplicationContext
18:28:17.010 center-sky [restartedMain] INFO  o.s.web.context.ContextLoader - Root WebApplicationContext: initialization completed in 2731 ms
18:28:17.328 center-sky [restartedMain] INFO  o.s.s.c.ThreadPoolTaskExecutor - Initializing ExecutorService 'applicationTaskExecutor'
18:28:17.627 center-sky [restartedMain] INFO  o.s.b.d.a.OptionalLiveReloadServer - LiveReload server is running on port 35729
18:28:17.669 center-sky [restartedMain] INFO  o.a.coyote.http11.Http11NioProtocol - Starting ProtocolHandler ["http-nio-28081"]
18:28:17.729 center-sky [restartedMain] INFO  o.s.b.w.e.tomcat.TomcatWebServer - Tomcat started on port(s): 28081 (http) with context path ''
18:28:17.736 center-sky [restartedMain] INFO  com.example.sky.SkyApplication - Started SkyApplication in 5.097 seconds (JVM running for 8.15)
18:28:24.022 center-sky [http-nio-28081-exec-1] INFO  o.a.c.c.C.[Tomcat].[localhost].[/] - Initializing Spring DispatcherServlet 'dispatcherServlet'
18:28:24.023 center-sky [http-nio-28081-exec-1] INFO  o.s.web.servlet.DispatcherServlet - Initializing Servlet 'dispatcherServlet'
18:28:24.041 center-sky [http-nio-28081-exec-1] INFO  o.s.web.servlet.DispatcherServlet - Completed initialization in 18 ms
18:28:24.384 center-sky [http-nio-28081-exec-1] INFO  c.e.sky.controller.AlarmController - alarmMessage:[AlarmMessageDto(scopeId=1, scope=SERVICE, name=serviceA, ruleName=service_resp_time_rule, id0=ejdjdfifi, id1=0, alarmMessage=alarmMessage xxxx, startTime=1560524171000), AlarmMessageDto(scopeId=1, scope=SERVICE, name=serviceB, ruleName=service_resp_time_rule, id0=ejdewewjdfifi, id1=0, alarmMessage=alarmMessage yyy, startTime=1560524171000)]
18:29:57.033 center-sky [restartedMain] INFO  com.example.sky.SkyApplication - Starting SkyApplication on c-pc with PID 8232 (C:\Users\C\Desktop\sky-master\target\classes started by C in C:\Users\C\Desktop\sky-master)
18:29:57.058 center-sky [restartedMain] INFO  com.example.sky.SkyApplication - No active profile set, falling back to default profiles: default
18:29:57.177 center-sky [restartedMain] INFO  o.s.b.d.e.DevToolsPropertyDefaultsPostProcessor - Devtools property defaults active! Set 'spring.devtools.add-properties' to 'false' to disable
18:29:57.178 center-sky [restartedMain] INFO  o.s.b.d.e.DevToolsPropertyDefaultsPostProcessor - For additional web related logging consider setting the 'logging.level.web' property to 'DEBUG'
18:29:59.539 center-sky [restartedMain] INFO  o.s.b.w.e.tomcat.TomcatWebServer - Tomcat initialized with port(s): 28081 (http)
18:29:59.564 center-sky [restartedMain] INFO  o.a.coyote.http11.Http11NioProtocol - Initializing ProtocolHandler ["http-nio-28081"]
18:29:59.565 center-sky [restartedMain] INFO  o.a.catalina.core.StandardService - Starting service [Tomcat]
18:29:59.565 center-sky [restartedMain] INFO  o.a.catalina.core.StandardEngine - Starting Servlet engine: [Apache Tomcat/9.0.27]
18:29:59.736 center-sky [restartedMain] INFO  o.a.c.c.C.[Tomcat].[localhost].[/] - Initializing Spring embedded WebApplicationContext
18:29:59.736 center-sky [restartedMain] INFO  o.s.web.context.ContextLoader - Root WebApplicationContext: initialization completed in 2558 ms
18:30:00.049 center-sky [restartedMain] INFO  o.s.s.c.ThreadPoolTaskExecutor - Initializing ExecutorService 'applicationTaskExecutor'
18:30:00.338 center-sky [restartedMain] INFO  o.s.b.d.a.OptionalLiveReloadServer - LiveReload server is running on port 35729
18:30:00.377 center-sky [restartedMain] INFO  o.a.coyote.http11.Http11NioProtocol - Starting ProtocolHandler ["http-nio-28081"]
18:30:00.426 center-sky [restartedMain] INFO  o.s.b.w.e.tomcat.TomcatWebServer - Tomcat started on port(s): 28081 (http) with context path ''
18:30:00.434 center-sky [restartedMain] INFO  com.example.sky.SkyApplication - Started SkyApplication in 4.987 seconds (JVM running for 8.028)
18:30:03.590 center-sky [http-nio-28081-exec-1] INFO  o.a.c.c.C.[Tomcat].[localhost].[/] - Initializing Spring DispatcherServlet 'dispatcherServlet'
18:30:03.593 center-sky [http-nio-28081-exec-1] INFO  o.s.web.servlet.DispatcherServlet - Initializing Servlet 'dispatcherServlet'
18:30:03.610 center-sky [http-nio-28081-exec-1] INFO  o.s.web.servlet.DispatcherServlet - Completed initialization in 17 ms
18:30:04.028 center-sky [http-nio-28081-exec-1] INFO  c.e.sky.controller.AlarmController - alarmMessage:[AlarmMessageDto(scopeId=1, scope=SERVICE, name=serviceA, ruleName=service_resp_time_rule, id0=ejdjdfifi, id1=0, alarmMessage=alarmMessage xxxx, startTime=1560524171000), AlarmMessageDto(scopeId=1, scope=SERVICE, name=serviceB, ruleName=service_resp_time_rule, id0=ejdewewjdfifi, id1=0, alarmMessage=alarmMessage yyy, startTime=1560524171000)]
